{"D:\\nodejs\\ecommerce-api-v1\\server.js": {"path":"D:\\nodejs\\ecommerce-api-v1\\server.js","statementMap":{"0":{"start":{"line":3,"column":16},"end":{"line":3,"column":34}},"1":{"start":{"line":4,"column":15},"end":{"line":4,"column":32}},"2":{"start":{"line":5,"column":15},"end":{"line":5,"column":32}},"3":{"start":{"line":6,"column":17},"end":{"line":6,"column":44}},"4":{"start":{"line":8,"column":0},"end":{"line":8,"column":16}},"5":{"start":{"line":9,"column":22},"end":{"line":42,"column":1}},"6":{"start":{"line":10,"column":16},"end":{"line":10,"column":29}},"7":{"start":{"line":11,"column":4},"end":{"line":13,"column":5}},"8":{"start":{"line":12,"column":8},"end":{"line":12,"column":31}},"9":{"start":{"line":14,"column":4},"end":{"line":14,"column":28}},"10":{"start":{"line":15,"column":27},"end":{"line":15,"column":61}},"11":{"start":{"line":16,"column":26},"end":{"line":16,"column":58}},"12":{"start":{"line":17,"column":30},"end":{"line":17,"column":67}},"13":{"start":{"line":18,"column":24},"end":{"line":18,"column":55}},"14":{"start":{"line":19,"column":25},"end":{"line":19,"column":53}},"15":{"start":{"line":20,"column":24},"end":{"line":20,"column":64}},"16":{"start":{"line":22,"column":4},"end":{"line":22,"column":50}},"17":{"start":{"line":23,"column":4},"end":{"line":23,"column":43}},"18":{"start":{"line":24,"column":4},"end":{"line":24,"column":56}},"19":{"start":{"line":25,"column":4},"end":{"line":25,"column":47}},"20":{"start":{"line":27,"column":4},"end":{"line":27,"column":24}},"21":{"start":{"line":29,"column":4},"end":{"line":31,"column":6}},"22":{"start":{"line":30,"column":8},"end":{"line":30,"column":76}},"23":{"start":{"line":34,"column":4},"end":{"line":39,"column":6}},"24":{"start":{"line":35,"column":8},"end":{"line":35,"column":79}},"25":{"start":{"line":36,"column":8},"end":{"line":38,"column":11}},"26":{"start":{"line":37,"column":12},"end":{"line":37,"column":28}},"27":{"start":{"line":41,"column":4},"end":{"line":41,"column":15}},"28":{"start":{"line":43,"column":12},"end":{"line":43,"column":27}},"29":{"start":{"line":44,"column":0},"end":{"line":44,"column":21}}},"fnMap":{"0":{"name":"(anonymous_0)","decl":{"start":{"line":9,"column":22},"end":{"line":9,"column":23}},"loc":{"start":{"line":9,"column":28},"end":{"line":42,"column":1}},"line":9},"1":{"name":"(anonymous_1)","decl":{"start":{"line":29,"column":17},"end":{"line":29,"column":18}},"loc":{"start":{"line":29,"column":37},"end":{"line":31,"column":5}},"line":29},"2":{"name":"(anonymous_2)","decl":{"start":{"line":34,"column":33},"end":{"line":34,"column":34}},"loc":{"start":{"line":34,"column":42},"end":{"line":39,"column":5}},"line":34},"3":{"name":"(anonymous_3)","decl":{"start":{"line":36,"column":21},"end":{"line":36,"column":22}},"loc":{"start":{"line":36,"column":27},"end":{"line":38,"column":9}},"line":36}},"branchMap":{"0":{"loc":{"start":{"line":11,"column":4},"end":{"line":13,"column":5}},"type":"if","locations":[{"start":{"line":11,"column":4},"end":{"line":13,"column":5}},{"start":{},"end":{}}],"line":11}},"s":{"0":4,"1":4,"2":4,"3":4,"4":4,"5":4,"6":4,"7":4,"8":0,"9":4,"10":4,"11":4,"12":4,"13":4,"14":4,"15":4,"16":4,"17":4,"18":4,"19":4,"20":4,"21":4,"22":0,"23":4,"24":0,"25":0,"26":0,"27":4,"28":4,"29":4},"f":{"0":4,"1":0,"2":0,"3":0},"b":{"0":[0,4]},"_coverageSchema":"1a1c01bbd47fc00a2c39e90264f33305004495a9","hash":"ea8cee727c996db34b814a75d95c9671d130ff59"}
,"D:\\nodejs\\ecommerce-api-v1\\config\\database.js": {"path":"D:\\nodejs\\ecommerce-api-v1\\config\\database.js","statementMap":{"0":{"start":{"line":1,"column":17},"end":{"line":1,"column":36}},"1":{"start":{"line":3,"column":14},"end":{"line":3,"column":39}},"2":{"start":{"line":4,"column":16},"end":{"line":8,"column":2}},"3":{"start":{"line":5,"column":4},"end":{"line":5,"column":51}},"4":{"start":{"line":7,"column":4},"end":{"line":7,"column":43}},"5":{"start":{"line":10,"column":0},"end":{"line":10,"column":25}}},"fnMap":{"0":{"name":"(anonymous_0)","decl":{"start":{"line":4,"column":72},"end":{"line":4,"column":73}},"loc":{"start":{"line":4,"column":78},"end":{"line":6,"column":1}},"line":4},"1":{"name":"(anonymous_1)","decl":{"start":{"line":6,"column":9},"end":{"line":6,"column":10}},"loc":{"start":{"line":6,"column":20},"end":{"line":8,"column":1}},"line":6}},"branchMap":{},"s":{"0":4,"1":4,"2":4,"3":4,"4":0,"5":4},"f":{"0":4,"1":0},"b":{},"_coverageSchema":"1a1c01bbd47fc00a2c39e90264f33305004495a9","hash":"fd10d8a74bf3a08be6a9066a8b4cf79d16e87fbf"}
,"D:\\nodejs\\ecommerce-api-v1\\middlewares\\ErrorMiddleware.js": {"path":"D:\\nodejs\\ecommerce-api-v1\\middlewares\\ErrorMiddleware.js","statementMap":{"0":{"start":{"line":1,"column":20},"end":{"line":9,"column":1}},"1":{"start":{"line":2,"column":4},"end":{"line":2,"column":43}},"2":{"start":{"line":3,"column":4},"end":{"line":3,"column":39}},"3":{"start":{"line":4,"column":4},"end":{"line":7,"column":86}},"4":{"start":{"line":5,"column":8},"end":{"line":5,"column":116}},"5":{"start":{"line":7,"column":8},"end":{"line":7,"column":86}},"6":{"start":{"line":11,"column":0},"end":{"line":11,"column":29}}},"fnMap":{"0":{"name":"(anonymous_0)","decl":{"start":{"line":1,"column":20},"end":{"line":1,"column":21}},"loc":{"start":{"line":1,"column":45},"end":{"line":9,"column":1}},"line":1}},"branchMap":{"0":{"loc":{"start":{"line":2,"column":21},"end":{"line":2,"column":42}},"type":"binary-expr","locations":[{"start":{"line":2,"column":21},"end":{"line":2,"column":35}},{"start":{"line":2,"column":39},"end":{"line":2,"column":42}}],"line":2},"1":{"loc":{"start":{"line":3,"column":17},"end":{"line":3,"column":38}},"type":"binary-expr","locations":[{"start":{"line":3,"column":17},"end":{"line":3,"column":27}},{"start":{"line":3,"column":31},"end":{"line":3,"column":38}}],"line":3},"2":{"loc":{"start":{"line":4,"column":4},"end":{"line":7,"column":86}},"type":"if","locations":[{"start":{"line":4,"column":4},"end":{"line":7,"column":86}},{"start":{"line":7,"column":8},"end":{"line":7,"column":86}}],"line":4}},"s":{"0":4,"1":0,"2":0,"3":0,"4":0,"5":0,"6":4},"f":{"0":0},"b":{"0":[0,0],"1":[0,0],"2":[0,0]},"_coverageSchema":"1a1c01bbd47fc00a2c39e90264f33305004495a9","hash":"10cc40ec807645a0eeea4bb46a947238e8f5daa1"}
,"D:\\nodejs\\ecommerce-api-v1\\middlewares\\ValidatorMiddleware.js": {"path":"D:\\nodejs\\ecommerce-api-v1\\middlewares\\ValidatorMiddleware.js","statementMap":{"0":{"start":{"line":1,"column":29},"end":{"line":1,"column":57}},"1":{"start":{"line":3,"column":0},"end":{"line":9,"column":1}},"2":{"start":{"line":4,"column":19},"end":{"line":4,"column":40}},"3":{"start":{"line":5,"column":4},"end":{"line":7,"column":5}},"4":{"start":{"line":6,"column":8},"end":{"line":6,"column":64}},"5":{"start":{"line":8,"column":4},"end":{"line":8,"column":10}}},"fnMap":{"0":{"name":"(anonymous_0)","decl":{"start":{"line":3,"column":30},"end":{"line":3,"column":31}},"loc":{"start":{"line":3,"column":50},"end":{"line":9,"column":1}},"line":3}},"branchMap":{"0":{"loc":{"start":{"line":5,"column":4},"end":{"line":7,"column":5}},"type":"if","locations":[{"start":{"line":5,"column":4},"end":{"line":7,"column":5}},{"start":{},"end":{}}],"line":5}},"s":{"0":4,"1":4,"2":21,"3":21,"4":3,"5":18},"f":{"0":21},"b":{"0":[3,18]},"_coverageSchema":"1a1c01bbd47fc00a2c39e90264f33305004495a9","hash":"9f96862e2c176c52bbc7173bb07c5ce2602acb10"}
,"D:\\nodejs\\ecommerce-api-v1\\models\\Brand.js": {"path":"D:\\nodejs\\ecommerce-api-v1\\models\\Brand.js","statementMap":{"0":{"start":{"line":1,"column":17},"end":{"line":1,"column":36}},"1":{"start":{"line":3,"column":20},"end":{"line":18,"column":24}},"2":{"start":{"line":19,"column":14},"end":{"line":19,"column":50}},"3":{"start":{"line":21,"column":0},"end":{"line":21,"column":23}}},"fnMap":{},"branchMap":{},"s":{"0":4,"1":4,"2":4,"3":4},"f":{},"b":{},"_coverageSchema":"1a1c01bbd47fc00a2c39e90264f33305004495a9","hash":"841b40a263bb4acceb3fe6bdcd36cbb93497fdac"}
,"D:\\nodejs\\ecommerce-api-v1\\models\\Category.js": {"path":"D:\\nodejs\\ecommerce-api-v1\\models\\Category.js","statementMap":{"0":{"start":{"line":1,"column":17},"end":{"line":1,"column":36}},"1":{"start":{"line":3,"column":23},"end":{"line":18,"column":24}},"2":{"start":{"line":19,"column":17},"end":{"line":19,"column":59}},"3":{"start":{"line":21,"column":0},"end":{"line":21,"column":26}}},"fnMap":{},"branchMap":{},"s":{"0":4,"1":4,"2":4,"3":4},"f":{},"b":{},"_coverageSchema":"1a1c01bbd47fc00a2c39e90264f33305004495a9","hash":"8e49c1c145331667c0d512d8daa23a9fa74ee31d"}
,"D:\\nodejs\\ecommerce-api-v1\\models\\Product.js": {"path":"D:\\nodejs\\ecommerce-api-v1\\models\\Product.js","statementMap":{"0":{"start":{"line":1,"column":17},"end":{"line":1,"column":36}},"1":{"start":{"line":3,"column":22},"end":{"line":67,"column":24}},"2":{"start":{"line":68,"column":16},"end":{"line":68,"column":56}},"3":{"start":{"line":70,"column":0},"end":{"line":70,"column":25}}},"fnMap":{},"branchMap":{},"s":{"0":4,"1":4,"2":4,"3":4},"f":{},"b":{},"_coverageSchema":"1a1c01bbd47fc00a2c39e90264f33305004495a9","hash":"dfc9e27501174697c405f8af57745259155b4c50"}
,"D:\\nodejs\\ecommerce-api-v1\\models\\Subcategory.js": {"path":"D:\\nodejs\\ecommerce-api-v1\\models\\Subcategory.js","statementMap":{"0":{"start":{"line":1,"column":17},"end":{"line":1,"column":36}},"1":{"start":{"line":3,"column":20},"end":{"line":22,"column":24}},"2":{"start":{"line":24,"column":0},"end":{"line":24,"column":60}}},"fnMap":{},"branchMap":{},"s":{"0":4,"1":4,"2":4},"f":{},"b":{},"_coverageSchema":"1a1c01bbd47fc00a2c39e90264f33305004495a9","hash":"53f9b2644af57e1fc144651db6f4ca580f0a8e03"}
,"D:\\nodejs\\ecommerce-api-v1\\routes\\brandRoutes.js": {"path":"D:\\nodejs\\ecommerce-api-v1\\routes\\brandRoutes.js","statementMap":{"0":{"start":{"line":1,"column":15},"end":{"line":1,"column":42}},"1":{"start":{"line":2,"column":71},"end":{"line":2,"column":107}},"2":{"start":{"line":3,"column":96},"end":{"line":3,"column":141}},"3":{"start":{"line":5,"column":0},"end":{"line":5,"column":73}},"4":{"start":{"line":6,"column":0},"end":{"line":6,"column":135}},"5":{"start":{"line":8,"column":0},"end":{"line":8,"column":24}}},"fnMap":{},"branchMap":{},"s":{"0":4,"1":4,"2":4,"3":4,"4":4,"5":4},"f":{},"b":{},"_coverageSchema":"1a1c01bbd47fc00a2c39e90264f33305004495a9","hash":"397919e64728747f59d2ff9808c39038af16f0df"}
,"D:\\nodejs\\ecommerce-api-v1\\routes\\categoryRoutes.js": {"path":"D:\\nodejs\\ecommerce-api-v1\\routes\\categoryRoutes.js","statementMap":{"0":{"start":{"line":1,"column":15},"end":{"line":1,"column":42}},"1":{"start":{"line":2,"column":26},"end":{"line":2,"column":56}},"2":{"start":{"line":3,"column":87},"end":{"line":3,"column":126}},"3":{"start":{"line":4,"column":108},"end":{"line":4,"column":156}},"4":{"start":{"line":6,"column":0},"end":{"line":6,"column":83}},"5":{"start":{"line":7,"column":0},"end":{"line":7,"column":153}},"6":{"start":{"line":8,"column":0},"end":{"line":8,"column":60}},"7":{"start":{"line":10,"column":0},"end":{"line":10,"column":24}}},"fnMap":{},"branchMap":{},"s":{"0":4,"1":4,"2":4,"3":4,"4":4,"5":4,"6":4,"7":4},"f":{},"b":{},"_coverageSchema":"1a1c01bbd47fc00a2c39e90264f33305004495a9","hash":"ba61b80ea717c84c4f2540768e2a6226fde7f6c6"}
,"D:\\nodejs\\ecommerce-api-v1\\routes\\productRoute.js": {"path":"D:\\nodejs\\ecommerce-api-v1\\routes\\productRoute.js","statementMap":{"0":{"start":{"line":1,"column":15},"end":{"line":1,"column":42}},"1":{"start":{"line":2,"column":104},"end":{"line":2,"column":151}},"2":{"start":{"line":3,"column":81},"end":{"line":3,"column":119}},"3":{"start":{"line":5,"column":0},"end":{"line":5,"column":79}},"4":{"start":{"line":6,"column":0},"end":{"line":6,"column":147}},"5":{"start":{"line":8,"column":0},"end":{"line":8,"column":24}}},"fnMap":{},"branchMap":{},"s":{"0":4,"1":4,"2":4,"3":4,"4":4,"5":4},"f":{},"b":{},"_coverageSchema":"1a1c01bbd47fc00a2c39e90264f33305004495a9","hash":"38695720b939642fee60b2b2a7672556db4ae71a"}
,"D:\\nodejs\\ecommerce-api-v1\\routes\\subcategoryRoutes.js": {"path":"D:\\nodejs\\ecommerce-api-v1\\routes\\subcategoryRoutes.js","statementMap":{"0":{"start":{"line":1,"column":15},"end":{"line":1,"column":63}},"1":{"start":{"line":3,"column":102},"end":{"line":3,"column":144}},"2":{"start":{"line":4,"column":36},"end":{"line":4,"column":84}},"3":{"start":{"line":5,"column":64},"end":{"line":5,"column":115}},"4":{"start":{"line":8,"column":0},"end":{"line":8,"column":91}},"5":{"start":{"line":9,"column":0},"end":{"line":9,"column":158}},"6":{"start":{"line":10,"column":0},"end":{"line":10,"column":24}}},"fnMap":{},"branchMap":{},"s":{"0":4,"1":4,"2":4,"3":4,"4":4,"5":4,"6":4},"f":{},"b":{},"_coverageSchema":"1a1c01bbd47fc00a2c39e90264f33305004495a9","hash":"02a012f2197420291b8d534b48146cb45058a765"}
,"D:\\nodejs\\ecommerce-api-v1\\services\\BrandServices.js": {"path":"D:\\nodejs\\ecommerce-api-v1\\services\\BrandServices.js","statementMap":{"0":{"start":{"line":1,"column":21},"end":{"line":1,"column":53}},"1":{"start":{"line":2,"column":16},"end":{"line":2,"column":34}},"2":{"start":{"line":3,"column":14},"end":{"line":3,"column":40}},"3":{"start":{"line":4,"column":17},"end":{"line":4,"column":45}},"4":{"start":{"line":8,"column":0},"end":{"line":12,"column":2}},"5":{"start":{"line":9,"column":21},"end":{"line":9,"column":29}},"6":{"start":{"line":10,"column":18},"end":{"line":10,"column":67}},"7":{"start":{"line":11,"column":4},"end":{"line":11,"column":49}},"8":{"start":{"line":18,"column":0},"end":{"line":24,"column":2}},"9":{"start":{"line":19,"column":17},"end":{"line":19,"column":50}},"10":{"start":{"line":20,"column":18},"end":{"line":20,"column":52}},"11":{"start":{"line":21,"column":17},"end":{"line":21,"column":35}},"12":{"start":{"line":22,"column":19},"end":{"line":22,"column":63}},"13":{"start":{"line":23,"column":4},"end":{"line":23,"column":79}},"14":{"start":{"line":30,"column":0},"end":{"line":37,"column":2}},"15":{"start":{"line":31,"column":19},"end":{"line":31,"column":29}},"16":{"start":{"line":32,"column":18},"end":{"line":32,"column":42}},"17":{"start":{"line":33,"column":4},"end":{"line":34,"column":69}},"18":{"start":{"line":34,"column":8},"end":{"line":34,"column":69}},"19":{"start":{"line":35,"column":4},"end":{"line":35,"column":42}},"20":{"start":{"line":43,"column":0},"end":{"line":50,"column":2}},"21":{"start":{"line":44,"column":19},"end":{"line":44,"column":29}},"22":{"start":{"line":45,"column":21},"end":{"line":45,"column":29}},"23":{"start":{"line":46,"column":18},"end":{"line":46,"column":105}},"24":{"start":{"line":47,"column":4},"end":{"line":48,"column":69}},"25":{"start":{"line":48,"column":8},"end":{"line":48,"column":69}},"26":{"start":{"line":49,"column":4},"end":{"line":49,"column":42}},"27":{"start":{"line":55,"column":0},"end":{"line":63,"column":2}},"28":{"start":{"line":56,"column":19},"end":{"line":56,"column":29}},"29":{"start":{"line":57,"column":18},"end":{"line":57,"column":60}},"30":{"start":{"line":58,"column":4},"end":{"line":59,"column":69}},"31":{"start":{"line":59,"column":8},"end":{"line":59,"column":69}},"32":{"start":{"line":61,"column":4},"end":{"line":61,"column":64}}},"fnMap":{"0":{"name":"(anonymous_0)","decl":{"start":{"line":8,"column":35},"end":{"line":8,"column":36}},"loc":{"start":{"line":8,"column":55},"end":{"line":12,"column":1}},"line":8},"1":{"name":"(anonymous_1)","decl":{"start":{"line":18,"column":33},"end":{"line":18,"column":34}},"loc":{"start":{"line":18,"column":53},"end":{"line":24,"column":1}},"line":18},"2":{"name":"(anonymous_2)","decl":{"start":{"line":30,"column":32},"end":{"line":30,"column":33}},"loc":{"start":{"line":30,"column":58},"end":{"line":37,"column":1}},"line":30},"3":{"name":"(anonymous_3)","decl":{"start":{"line":43,"column":35},"end":{"line":43,"column":36}},"loc":{"start":{"line":43,"column":61},"end":{"line":50,"column":1}},"line":43},"4":{"name":"(anonymous_4)","decl":{"start":{"line":55,"column":35},"end":{"line":55,"column":36}},"loc":{"start":{"line":55,"column":61},"end":{"line":63,"column":1}},"line":55}},"branchMap":{"0":{"loc":{"start":{"line":19,"column":17},"end":{"line":19,"column":50}},"type":"binary-expr","locations":[{"start":{"line":19,"column":17},"end":{"line":19,"column":45}},{"start":{"line":19,"column":49},"end":{"line":19,"column":50}}],"line":19},"1":{"loc":{"start":{"line":20,"column":18},"end":{"line":20,"column":52}},"type":"binary-expr","locations":[{"start":{"line":20,"column":18},"end":{"line":20,"column":47}},{"start":{"line":20,"column":51},"end":{"line":20,"column":52}}],"line":20},"2":{"loc":{"start":{"line":33,"column":4},"end":{"line":34,"column":69}},"type":"if","locations":[{"start":{"line":33,"column":4},"end":{"line":34,"column":69}},{"start":{},"end":{}}],"line":33},"3":{"loc":{"start":{"line":47,"column":4},"end":{"line":48,"column":69}},"type":"if","locations":[{"start":{"line":47,"column":4},"end":{"line":48,"column":69}},{"start":{},"end":{}}],"line":47},"4":{"loc":{"start":{"line":58,"column":4},"end":{"line":59,"column":69}},"type":"if","locations":[{"start":{"line":58,"column":4},"end":{"line":59,"column":69}},{"start":{},"end":{}}],"line":58}},"s":{"0":4,"1":4,"2":4,"3":4,"4":4,"5":1,"6":1,"7":1,"8":4,"9":1,"10":1,"11":1,"12":1,"13":1,"14":4,"15":1,"16":1,"17":1,"18":0,"19":1,"20":4,"21":1,"22":1,"23":1,"24":1,"25":0,"26":1,"27":4,"28":1,"29":1,"30":1,"31":0,"32":1},"f":{"0":1,"1":1,"2":1,"3":1,"4":1},"b":{"0":[1,1],"1":[1,1],"2":[0,1],"3":[0,1],"4":[0,1]},"_coverageSchema":"1a1c01bbd47fc00a2c39e90264f33305004495a9","hash":"affd8f217eaa4fb9c40f13e97e7712845fed2551"}
,"D:\\nodejs\\ecommerce-api-v1\\services\\CategoryServices.js": {"path":"D:\\nodejs\\ecommerce-api-v1\\services\\CategoryServices.js","statementMap":{"0":{"start":{"line":1,"column":21},"end":{"line":1,"column":53}},"1":{"start":{"line":2,"column":16},"end":{"line":2,"column":34}},"2":{"start":{"line":3,"column":17},"end":{"line":3,"column":46}},"3":{"start":{"line":4,"column":17},"end":{"line":4,"column":45}},"4":{"start":{"line":8,"column":0},"end":{"line":12,"column":2}},"5":{"start":{"line":9,"column":21},"end":{"line":9,"column":29}},"6":{"start":{"line":10,"column":21},"end":{"line":10,"column":73}},"7":{"start":{"line":11,"column":4},"end":{"line":11,"column":52}},"8":{"start":{"line":18,"column":0},"end":{"line":24,"column":2}},"9":{"start":{"line":19,"column":17},"end":{"line":19,"column":50}},"10":{"start":{"line":20,"column":18},"end":{"line":20,"column":52}},"11":{"start":{"line":21,"column":17},"end":{"line":21,"column":35}},"12":{"start":{"line":22,"column":23},"end":{"line":22,"column":70}},"13":{"start":{"line":23,"column":4},"end":{"line":23,"column":87}},"14":{"start":{"line":30,"column":0},"end":{"line":37,"column":2}},"15":{"start":{"line":31,"column":19},"end":{"line":31,"column":29}},"16":{"start":{"line":32,"column":21},"end":{"line":32,"column":48}},"17":{"start":{"line":33,"column":4},"end":{"line":34,"column":72}},"18":{"start":{"line":34,"column":8},"end":{"line":34,"column":72}},"19":{"start":{"line":35,"column":4},"end":{"line":35,"column":45}},"20":{"start":{"line":43,"column":0},"end":{"line":50,"column":2}},"21":{"start":{"line":44,"column":19},"end":{"line":44,"column":29}},"22":{"start":{"line":45,"column":21},"end":{"line":45,"column":29}},"23":{"start":{"line":46,"column":21},"end":{"line":46,"column":111}},"24":{"start":{"line":47,"column":4},"end":{"line":48,"column":72}},"25":{"start":{"line":48,"column":8},"end":{"line":48,"column":72}},"26":{"start":{"line":49,"column":4},"end":{"line":49,"column":45}},"27":{"start":{"line":55,"column":0},"end":{"line":63,"column":2}},"28":{"start":{"line":56,"column":19},"end":{"line":56,"column":29}},"29":{"start":{"line":57,"column":21},"end":{"line":57,"column":66}},"30":{"start":{"line":58,"column":4},"end":{"line":59,"column":72}},"31":{"start":{"line":59,"column":8},"end":{"line":59,"column":72}},"32":{"start":{"line":61,"column":4},"end":{"line":61,"column":67}}},"fnMap":{"0":{"name":"(anonymous_0)","decl":{"start":{"line":8,"column":38},"end":{"line":8,"column":39}},"loc":{"start":{"line":8,"column":58},"end":{"line":12,"column":1}},"line":8},"1":{"name":"(anonymous_1)","decl":{"start":{"line":18,"column":37},"end":{"line":18,"column":38}},"loc":{"start":{"line":18,"column":57},"end":{"line":24,"column":1}},"line":18},"2":{"name":"(anonymous_2)","decl":{"start":{"line":30,"column":35},"end":{"line":30,"column":36}},"loc":{"start":{"line":30,"column":61},"end":{"line":37,"column":1}},"line":30},"3":{"name":"(anonymous_3)","decl":{"start":{"line":43,"column":38},"end":{"line":43,"column":39}},"loc":{"start":{"line":43,"column":64},"end":{"line":50,"column":1}},"line":43},"4":{"name":"(anonymous_4)","decl":{"start":{"line":55,"column":38},"end":{"line":55,"column":39}},"loc":{"start":{"line":55,"column":64},"end":{"line":63,"column":1}},"line":55}},"branchMap":{"0":{"loc":{"start":{"line":19,"column":17},"end":{"line":19,"column":50}},"type":"binary-expr","locations":[{"start":{"line":19,"column":17},"end":{"line":19,"column":45}},{"start":{"line":19,"column":49},"end":{"line":19,"column":50}}],"line":19},"1":{"loc":{"start":{"line":20,"column":18},"end":{"line":20,"column":52}},"type":"binary-expr","locations":[{"start":{"line":20,"column":18},"end":{"line":20,"column":47}},{"start":{"line":20,"column":51},"end":{"line":20,"column":52}}],"line":20},"2":{"loc":{"start":{"line":33,"column":4},"end":{"line":34,"column":72}},"type":"if","locations":[{"start":{"line":33,"column":4},"end":{"line":34,"column":72}},{"start":{},"end":{}}],"line":33},"3":{"loc":{"start":{"line":47,"column":4},"end":{"line":48,"column":72}},"type":"if","locations":[{"start":{"line":47,"column":4},"end":{"line":48,"column":72}},{"start":{},"end":{}}],"line":47},"4":{"loc":{"start":{"line":58,"column":4},"end":{"line":59,"column":72}},"type":"if","locations":[{"start":{"line":58,"column":4},"end":{"line":59,"column":72}},{"start":{},"end":{}}],"line":58}},"s":{"0":4,"1":4,"2":4,"3":4,"4":4,"5":4,"6":4,"7":4,"8":4,"9":1,"10":1,"11":1,"12":1,"13":1,"14":4,"15":1,"16":1,"17":1,"18":0,"19":1,"20":4,"21":1,"22":1,"23":1,"24":1,"25":0,"26":1,"27":4,"28":1,"29":1,"30":1,"31":0,"32":1},"f":{"0":4,"1":1,"2":1,"3":1,"4":1},"b":{"0":[1,1],"1":[1,1],"2":[0,1],"3":[0,1],"4":[0,1]},"_coverageSchema":"1a1c01bbd47fc00a2c39e90264f33305004495a9","hash":"e15b44050b5041d18fb58d4b41378fe0cc6d8516"}
,"D:\\nodejs\\ecommerce-api-v1\\services\\ProductServices.js": {"path":"D:\\nodejs\\ecommerce-api-v1\\services\\ProductServices.js","statementMap":{"0":{"start":{"line":1,"column":21},"end":{"line":1,"column":53}},"1":{"start":{"line":2,"column":16},"end":{"line":2,"column":34}},"2":{"start":{"line":3,"column":16},"end":{"line":3,"column":44}},"3":{"start":{"line":4,"column":17},"end":{"line":4,"column":45}},"4":{"start":{"line":5,"column":20},"end":{"line":5,"column":51}},"5":{"start":{"line":9,"column":0},"end":{"line":13,"column":2}},"6":{"start":{"line":10,"column":4},"end":{"line":10,"column":44}},"7":{"start":{"line":11,"column":20},"end":{"line":11,"column":50}},"8":{"start":{"line":12,"column":4},"end":{"line":12,"column":51}},"9":{"start":{"line":19,"column":0},"end":{"line":25,"column":2}},"10":{"start":{"line":20,"column":27},"end":{"line":20,"column":57}},"11":{"start":{"line":21,"column":24},"end":{"line":21,"column":127}},"12":{"start":{"line":22,"column":48},"end":{"line":22,"column":59}},"13":{"start":{"line":23,"column":21},"end":{"line":23,"column":40}},"14":{"start":{"line":24,"column":4},"end":{"line":24,"column":107}},"15":{"start":{"line":31,"column":0},"end":{"line":38,"column":2}},"16":{"start":{"line":32,"column":19},"end":{"line":32,"column":29}},"17":{"start":{"line":33,"column":20},"end":{"line":33,"column":46}},"18":{"start":{"line":34,"column":4},"end":{"line":35,"column":71}},"19":{"start":{"line":35,"column":8},"end":{"line":35,"column":71}},"20":{"start":{"line":36,"column":4},"end":{"line":36,"column":44}},"21":{"start":{"line":44,"column":0},"end":{"line":52,"column":2}},"22":{"start":{"line":45,"column":19},"end":{"line":45,"column":29}},"23":{"start":{"line":46,"column":4},"end":{"line":46,"column":44}},"24":{"start":{"line":48,"column":20},"end":{"line":48,"column":88}},"25":{"start":{"line":49,"column":4},"end":{"line":50,"column":71}},"26":{"start":{"line":50,"column":8},"end":{"line":50,"column":71}},"27":{"start":{"line":51,"column":4},"end":{"line":51,"column":44}},"28":{"start":{"line":57,"column":0},"end":{"line":65,"column":2}},"29":{"start":{"line":58,"column":19},"end":{"line":58,"column":29}},"30":{"start":{"line":59,"column":20},"end":{"line":59,"column":64}},"31":{"start":{"line":60,"column":4},"end":{"line":61,"column":71}},"32":{"start":{"line":61,"column":8},"end":{"line":61,"column":71}},"33":{"start":{"line":63,"column":4},"end":{"line":63,"column":66}}},"fnMap":{"0":{"name":"(anonymous_0)","decl":{"start":{"line":9,"column":37},"end":{"line":9,"column":38}},"loc":{"start":{"line":9,"column":57},"end":{"line":13,"column":1}},"line":9},"1":{"name":"(anonymous_1)","decl":{"start":{"line":19,"column":35},"end":{"line":19,"column":36}},"loc":{"start":{"line":19,"column":55},"end":{"line":25,"column":1}},"line":19},"2":{"name":"(anonymous_2)","decl":{"start":{"line":31,"column":34},"end":{"line":31,"column":35}},"loc":{"start":{"line":31,"column":60},"end":{"line":38,"column":1}},"line":31},"3":{"name":"(anonymous_3)","decl":{"start":{"line":44,"column":37},"end":{"line":44,"column":38}},"loc":{"start":{"line":44,"column":63},"end":{"line":52,"column":1}},"line":44},"4":{"name":"(anonymous_4)","decl":{"start":{"line":57,"column":37},"end":{"line":57,"column":38}},"loc":{"start":{"line":57,"column":63},"end":{"line":65,"column":1}},"line":57}},"branchMap":{"0":{"loc":{"start":{"line":34,"column":4},"end":{"line":35,"column":71}},"type":"if","locations":[{"start":{"line":34,"column":4},"end":{"line":35,"column":71}},{"start":{},"end":{}}],"line":34},"1":{"loc":{"start":{"line":49,"column":4},"end":{"line":50,"column":71}},"type":"if","locations":[{"start":{"line":49,"column":4},"end":{"line":50,"column":71}},{"start":{},"end":{}}],"line":49},"2":{"loc":{"start":{"line":60,"column":4},"end":{"line":61,"column":71}},"type":"if","locations":[{"start":{"line":60,"column":4},"end":{"line":61,"column":71}},{"start":{},"end":{}}],"line":60}},"s":{"0":4,"1":4,"2":4,"3":4,"4":4,"5":4,"6":1,"7":1,"8":1,"9":4,"10":1,"11":1,"12":1,"13":1,"14":1,"15":4,"16":1,"17":1,"18":1,"19":0,"20":1,"21":4,"22":1,"23":1,"24":1,"25":1,"26":0,"27":1,"28":4,"29":1,"30":1,"31":1,"32":0,"33":1},"f":{"0":1,"1":1,"2":1,"3":1,"4":1},"b":{"0":[0,1],"1":[0,1],"2":[0,1]},"_coverageSchema":"1a1c01bbd47fc00a2c39e90264f33305004495a9","hash":"8508a1758813be7ac54d0c5d2848959c93cf5fa4"}
,"D:\\nodejs\\ecommerce-api-v1\\services\\SubcategoryServices.js": {"path":"D:\\nodejs\\ecommerce-api-v1\\services\\SubcategoryServices.js","statementMap":{"0":{"start":{"line":1,"column":21},"end":{"line":1,"column":53}},"1":{"start":{"line":2,"column":16},"end":{"line":2,"column":34}},"2":{"start":{"line":3,"column":20},"end":{"line":3,"column":52}},"3":{"start":{"line":4,"column":17},"end":{"line":4,"column":45}},"4":{"start":{"line":9,"column":0},"end":{"line":13,"column":2}},"5":{"start":{"line":10,"column":31},"end":{"line":10,"column":39}},"6":{"start":{"line":11,"column":24},"end":{"line":11,"column":89}},"7":{"start":{"line":12,"column":4},"end":{"line":12,"column":55}},"8":{"start":{"line":19,"column":0},"end":{"line":28,"column":2}},"9":{"start":{"line":20,"column":17},"end":{"line":20,"column":50}},"10":{"start":{"line":21,"column":18},"end":{"line":21,"column":52}},"11":{"start":{"line":22,"column":17},"end":{"line":22,"column":35}},"12":{"start":{"line":23,"column":4},"end":{"line":23,"column":39}},"13":{"start":{"line":24,"column":4},"end":{"line":24,"column":76}},"14":{"start":{"line":24,"column":31},"end":{"line":24,"column":76}},"15":{"start":{"line":25,"column":26},"end":{"line":25,"column":127}},"16":{"start":{"line":27,"column":4},"end":{"line":27,"column":93}},"17":{"start":{"line":34,"column":0},"end":{"line":41,"column":2}},"18":{"start":{"line":35,"column":19},"end":{"line":35,"column":29}},"19":{"start":{"line":36,"column":24},"end":{"line":36,"column":54}},"20":{"start":{"line":37,"column":4},"end":{"line":38,"column":75}},"21":{"start":{"line":38,"column":8},"end":{"line":38,"column":75}},"22":{"start":{"line":39,"column":4},"end":{"line":39,"column":48}},"23":{"start":{"line":47,"column":0},"end":{"line":54,"column":2}},"24":{"start":{"line":48,"column":19},"end":{"line":48,"column":29}},"25":{"start":{"line":49,"column":31},"end":{"line":49,"column":39}},"26":{"start":{"line":50,"column":24},"end":{"line":50,"column":127}},"27":{"start":{"line":51,"column":4},"end":{"line":52,"column":75}},"28":{"start":{"line":52,"column":8},"end":{"line":52,"column":75}},"29":{"start":{"line":53,"column":4},"end":{"line":53,"column":48}},"30":{"start":{"line":59,"column":0},"end":{"line":67,"column":2}},"31":{"start":{"line":60,"column":19},"end":{"line":60,"column":29}},"32":{"start":{"line":61,"column":24},"end":{"line":61,"column":72}},"33":{"start":{"line":62,"column":4},"end":{"line":63,"column":75}},"34":{"start":{"line":63,"column":8},"end":{"line":63,"column":75}},"35":{"start":{"line":65,"column":4},"end":{"line":65,"column":70}}},"fnMap":{"0":{"name":"(anonymous_0)","decl":{"start":{"line":9,"column":41},"end":{"line":9,"column":42}},"loc":{"start":{"line":9,"column":61},"end":{"line":13,"column":1}},"line":9},"1":{"name":"(anonymous_1)","decl":{"start":{"line":19,"column":40},"end":{"line":19,"column":41}},"loc":{"start":{"line":19,"column":60},"end":{"line":28,"column":1}},"line":19},"2":{"name":"(anonymous_2)","decl":{"start":{"line":34,"column":38},"end":{"line":34,"column":39}},"loc":{"start":{"line":34,"column":64},"end":{"line":41,"column":1}},"line":34},"3":{"name":"(anonymous_3)","decl":{"start":{"line":47,"column":41},"end":{"line":47,"column":42}},"loc":{"start":{"line":47,"column":67},"end":{"line":54,"column":1}},"line":47},"4":{"name":"(anonymous_4)","decl":{"start":{"line":59,"column":41},"end":{"line":59,"column":42}},"loc":{"start":{"line":59,"column":67},"end":{"line":67,"column":1}},"line":59}},"branchMap":{"0":{"loc":{"start":{"line":20,"column":17},"end":{"line":20,"column":50}},"type":"binary-expr","locations":[{"start":{"line":20,"column":17},"end":{"line":20,"column":45}},{"start":{"line":20,"column":49},"end":{"line":20,"column":50}}],"line":20},"1":{"loc":{"start":{"line":21,"column":18},"end":{"line":21,"column":52}},"type":"binary-expr","locations":[{"start":{"line":21,"column":18},"end":{"line":21,"column":47}},{"start":{"line":21,"column":51},"end":{"line":21,"column":52}}],"line":21},"2":{"loc":{"start":{"line":24,"column":4},"end":{"line":24,"column":76}},"type":"if","locations":[{"start":{"line":24,"column":4},"end":{"line":24,"column":76}},{"start":{},"end":{}}],"line":24},"3":{"loc":{"start":{"line":37,"column":4},"end":{"line":38,"column":75}},"type":"if","locations":[{"start":{"line":37,"column":4},"end":{"line":38,"column":75}},{"start":{},"end":{}}],"line":37},"4":{"loc":{"start":{"line":51,"column":4},"end":{"line":52,"column":75}},"type":"if","locations":[{"start":{"line":51,"column":4},"end":{"line":52,"column":75}},{"start":{},"end":{}}],"line":51},"5":{"loc":{"start":{"line":62,"column":4},"end":{"line":63,"column":75}},"type":"if","locations":[{"start":{"line":62,"column":4},"end":{"line":63,"column":75}},{"start":{},"end":{}}],"line":62}},"s":{"0":4,"1":4,"2":4,"3":4,"4":4,"5":1,"6":1,"7":1,"8":4,"9":1,"10":1,"11":1,"12":1,"13":1,"14":0,"15":1,"16":1,"17":4,"18":1,"19":1,"20":1,"21":0,"22":1,"23":4,"24":1,"25":1,"26":1,"27":1,"28":0,"29":1,"30":4,"31":1,"32":1,"33":1,"34":0,"35":1},"f":{"0":1,"1":1,"2":1,"3":1,"4":1},"b":{"0":[1,1],"1":[1,1],"2":[0,1],"3":[0,1],"4":[0,1],"5":[0,1]},"_coverageSchema":"1a1c01bbd47fc00a2c39e90264f33305004495a9","hash":"078372f3ada2397e1587b3c0ea5965e980fa991c"}
,"D:\\nodejs\\ecommerce-api-v1\\utils\\ApiError.js": {"path":"D:\\nodejs\\ecommerce-api-v1\\utils\\ApiError.js","statementMap":{"0":{"start":{"line":3,"column":8},"end":{"line":3,"column":23}},"1":{"start":{"line":4,"column":8},"end":{"line":4,"column":31}},"2":{"start":{"line":5,"column":8},"end":{"line":5,"column":37}},"3":{"start":{"line":6,"column":8},"end":{"line":6,"column":71}},"4":{"start":{"line":7,"column":8},"end":{"line":7,"column":34}},"5":{"start":{"line":11,"column":0},"end":{"line":11,"column":26}}},"fnMap":{"0":{"name":"(anonymous_0)","decl":{"start":{"line":2,"column":4},"end":{"line":2,"column":5}},"loc":{"start":{"line":2,"column":37},"end":{"line":8,"column":5}},"line":2}},"branchMap":{"0":{"loc":{"start":{"line":6,"column":22},"end":{"line":6,"column":70}},"type":"cond-expr","locations":[{"start":{"line":6,"column":54},"end":{"line":6,"column":60}},{"start":{"line":6,"column":63},"end":{"line":6,"column":70}}],"line":6}},"s":{"0":0,"1":0,"2":0,"3":0,"4":0,"5":4},"f":{"0":0},"b":{"0":[0,0]},"_coverageSchema":"1a1c01bbd47fc00a2c39e90264f33305004495a9","hash":"07e150e66e22958b5c09e7018da06fa0baa6eaa0"}
,"D:\\nodejs\\ecommerce-api-v1\\utils\\ApiFeatures.js": {"path":"D:\\nodejs\\ecommerce-api-v1\\utils\\ApiFeatures.js","statementMap":{"0":{"start":{"line":4,"column":8},"end":{"line":4,"column":39}},"1":{"start":{"line":5,"column":8},"end":{"line":5,"column":43}},"2":{"start":{"line":9,"column":28},"end":{"line":9,"column":51}},"3":{"start":{"line":10,"column":31},"end":{"line":10,"column":66}},"4":{"start":{"line":11,"column":8},"end":{"line":11,"column":68}},"5":{"start":{"line":11,"column":42},"end":{"line":11,"column":67}},"6":{"start":{"line":12,"column":23},"end":{"line":12,"column":50}},"7":{"start":{"line":13,"column":8},"end":{"line":13,"column":83}},"8":{"start":{"line":13,"column":71},"end":{"line":13,"column":82}},"9":{"start":{"line":15,"column":8},"end":{"line":15,"column":75}},"10":{"start":{"line":16,"column":8},"end":{"line":16,"column":20}},"11":{"start":{"line":20,"column":8},"end":{"line":26,"column":9}},"12":{"start":{"line":21,"column":27},"end":{"line":21,"column":69}},"13":{"start":{"line":22,"column":12},"end":{"line":22,"column":44}},"14":{"start":{"line":25,"column":12},"end":{"line":25,"column":49}},"15":{"start":{"line":27,"column":8},"end":{"line":27,"column":20}},"16":{"start":{"line":31,"column":8},"end":{"line":36,"column":9}},"17":{"start":{"line":32,"column":27},"end":{"line":32,"column":71}},"18":{"start":{"line":33,"column":12},"end":{"line":33,"column":46}},"19":{"start":{"line":35,"column":12},"end":{"line":35,"column":46}},"20":{"start":{"line":37,"column":8},"end":{"line":37,"column":20}},"21":{"start":{"line":41,"column":8},"end":{"line":45,"column":9}},"22":{"start":{"line":42,"column":31},"end":{"line":42,"column":33}},"23":{"start":{"line":43,"column":12},"end":{"line":43,"column":164}},"24":{"start":{"line":44,"column":12},"end":{"line":44,"column":48}},"25":{"start":{"line":46,"column":8},"end":{"line":46,"column":20}},"26":{"start":{"line":50,"column":21},"end":{"line":50,"column":61}},"27":{"start":{"line":51,"column":22},"end":{"line":51,"column":64}},"28":{"start":{"line":52,"column":21},"end":{"line":52,"column":39}},"29":{"start":{"line":53,"column":26},"end":{"line":53,"column":38}},"30":{"start":{"line":54,"column":27},"end":{"line":54,"column":29}},"31":{"start":{"line":55,"column":8},"end":{"line":55,"column":65}},"32":{"start":{"line":56,"column":8},"end":{"line":56,"column":31}},"33":{"start":{"line":57,"column":8},"end":{"line":57,"column":33}},"34":{"start":{"line":58,"column":8},"end":{"line":58,"column":70}},"35":{"start":{"line":59,"column":8},"end":{"line":61,"column":9}},"36":{"start":{"line":60,"column":12},"end":{"line":60,"column":39}},"37":{"start":{"line":62,"column":8},"end":{"line":64,"column":9}},"38":{"start":{"line":63,"column":12},"end":{"line":63,"column":43}},"39":{"start":{"line":65,"column":8},"end":{"line":65,"column":43}},"40":{"start":{"line":66,"column":8},"end":{"line":66,"column":72}},"41":{"start":{"line":67,"column":8},"end":{"line":67,"column":20}},"42":{"start":{"line":72,"column":0},"end":{"line":72,"column":29}}},"fnMap":{"0":{"name":"(anonymous_0)","decl":{"start":{"line":3,"column":4},"end":{"line":3,"column":5}},"loc":{"start":{"line":3,"column":44},"end":{"line":6,"column":5}},"line":3},"1":{"name":"(anonymous_1)","decl":{"start":{"line":8,"column":4},"end":{"line":8,"column":5}},"loc":{"start":{"line":8,"column":13},"end":{"line":17,"column":5}},"line":8},"2":{"name":"(anonymous_2)","decl":{"start":{"line":11,"column":31},"end":{"line":11,"column":32}},"loc":{"start":{"line":11,"column":42},"end":{"line":11,"column":67}},"line":11},"3":{"name":"(anonymous_3)","decl":{"start":{"line":13,"column":60},"end":{"line":13,"column":61}},"loc":{"start":{"line":13,"column":71},"end":{"line":13,"column":82}},"line":13},"4":{"name":"(anonymous_4)","decl":{"start":{"line":19,"column":4},"end":{"line":19,"column":5}},"loc":{"start":{"line":19,"column":11},"end":{"line":28,"column":5}},"line":19},"5":{"name":"(anonymous_5)","decl":{"start":{"line":30,"column":4},"end":{"line":30,"column":5}},"loc":{"start":{"line":30,"column":13},"end":{"line":38,"column":5}},"line":30},"6":{"name":"(anonymous_6)","decl":{"start":{"line":40,"column":4},"end":{"line":40,"column":5}},"loc":{"start":{"line":40,"column":13},"end":{"line":47,"column":5}},"line":40},"7":{"name":"(anonymous_7)","decl":{"start":{"line":49,"column":4},"end":{"line":49,"column":5}},"loc":{"start":{"line":49,"column":30},"end":{"line":68,"column":5}},"line":49}},"branchMap":{"0":{"loc":{"start":{"line":20,"column":8},"end":{"line":26,"column":9}},"type":"if","locations":[{"start":{"line":20,"column":8},"end":{"line":26,"column":9}},{"start":{"line":24,"column":13},"end":{"line":26,"column":9}}],"line":20},"1":{"loc":{"start":{"line":31,"column":8},"end":{"line":36,"column":9}},"type":"if","locations":[{"start":{"line":31,"column":8},"end":{"line":36,"column":9}},{"start":{"line":34,"column":15},"end":{"line":36,"column":9}}],"line":31},"2":{"loc":{"start":{"line":41,"column":8},"end":{"line":45,"column":9}},"type":"if","locations":[{"start":{"line":41,"column":8},"end":{"line":45,"column":9}},{"start":{},"end":{}}],"line":41},"3":{"loc":{"start":{"line":50,"column":21},"end":{"line":50,"column":61}},"type":"binary-expr","locations":[{"start":{"line":50,"column":21},"end":{"line":50,"column":56}},{"start":{"line":50,"column":60},"end":{"line":50,"column":61}}],"line":50},"4":{"loc":{"start":{"line":51,"column":22},"end":{"line":51,"column":64}},"type":"binary-expr","locations":[{"start":{"line":51,"column":22},"end":{"line":51,"column":58}},{"start":{"line":51,"column":62},"end":{"line":51,"column":64}}],"line":51},"5":{"loc":{"start":{"line":59,"column":8},"end":{"line":61,"column":9}},"type":"if","locations":[{"start":{"line":59,"column":8},"end":{"line":61,"column":9}},{"start":{},"end":{}}],"line":59},"6":{"loc":{"start":{"line":62,"column":8},"end":{"line":64,"column":9}},"type":"if","locations":[{"start":{"line":62,"column":8},"end":{"line":64,"column":9}},{"start":{},"end":{}}],"line":62}},"s":{"0":1,"1":1,"2":1,"3":1,"4":1,"5":4,"6":1,"7":1,"8":0,"9":1,"10":1,"11":1,"12":0,"13":0,"14":1,"15":1,"16":0,"17":0,"18":0,"19":0,"20":0,"21":1,"22":0,"23":0,"24":0,"25":1,"26":2,"27":2,"28":2,"29":2,"30":2,"31":2,"32":2,"33":2,"34":2,"35":2,"36":0,"37":2,"38":0,"39":2,"40":2,"41":2,"42":4},"f":{"0":1,"1":1,"2":4,"3":0,"4":1,"5":0,"6":1,"7":2},"b":{"0":[0,1],"1":[0,0],"2":[0,1],"3":[2,2],"4":[2,2],"5":[0,2],"6":[0,2]},"_coverageSchema":"1a1c01bbd47fc00a2c39e90264f33305004495a9","hash":"ea8b8e0c39f36424631a9eb4b69d2c4b6610241e"}
,"D:\\nodejs\\ecommerce-api-v1\\utils\\validators\\BrandValidator.js": {"path":"D:\\nodejs\\ecommerce-api-v1\\utils\\validators\\BrandValidator.js","statementMap":{"0":{"start":{"line":1,"column":18},"end":{"line":1,"column":46}},"1":{"start":{"line":2,"column":32},"end":{"line":2,"column":80}},"2":{"start":{"line":4,"column":0},"end":{"line":7,"column":25}},"3":{"start":{"line":8,"column":0},"end":{"line":11,"column":1}},"4":{"start":{"line":12,"column":0},"end":{"line":16,"column":1}},"5":{"start":{"line":17,"column":0},"end":{"line":19,"column":1}}},"fnMap":{},"branchMap":{},"s":{"0":4,"1":4,"2":4,"3":4,"4":4,"5":4},"f":{},"b":{},"_coverageSchema":"1a1c01bbd47fc00a2c39e90264f33305004495a9","hash":"abab32d44b07441ce25482d3f6a4cecb0d92a804"}
,"D:\\nodejs\\ecommerce-api-v1\\utils\\validators\\CategoryValidator.js": {"path":"D:\\nodejs\\ecommerce-api-v1\\utils\\validators\\CategoryValidator.js","statementMap":{"0":{"start":{"line":1,"column":18},"end":{"line":1,"column":46}},"1":{"start":{"line":2,"column":32},"end":{"line":2,"column":80}},"2":{"start":{"line":4,"column":0},"end":{"line":7,"column":25}},"3":{"start":{"line":8,"column":0},"end":{"line":11,"column":1}},"4":{"start":{"line":12,"column":0},"end":{"line":16,"column":1}},"5":{"start":{"line":17,"column":0},"end":{"line":19,"column":1}}},"fnMap":{},"branchMap":{},"s":{"0":4,"1":4,"2":4,"3":4,"4":4,"5":4},"f":{},"b":{},"_coverageSchema":"1a1c01bbd47fc00a2c39e90264f33305004495a9","hash":"962cc40ce1e3773b1d1d41bce0fee3e03122c521"}
,"D:\\nodejs\\ecommerce-api-v1\\utils\\validators\\ProductValidator.js": {"path":"D:\\nodejs\\ecommerce-api-v1\\utils\\validators\\ProductValidator.js","statementMap":{"0":{"start":{"line":1,"column":32},"end":{"line":1,"column":60}},"1":{"start":{"line":2,"column":16},"end":{"line":2,"column":34}},"2":{"start":{"line":3,"column":32},"end":{"line":3,"column":80}},"3":{"start":{"line":4,"column":17},"end":{"line":4,"column":49}},"4":{"start":{"line":5,"column":20},"end":{"line":5,"column":55}},"5":{"start":{"line":7,"column":0},"end":{"line":92,"column":2}},"6":{"start":{"line":14,"column":12},"end":{"line":14,"column":41}},"7":{"start":{"line":15,"column":12},"end":{"line":15,"column":24}},"8":{"start":{"line":44,"column":12},"end":{"line":46,"column":13}},"9":{"start":{"line":45,"column":16},"end":{"line":45,"column":79}},"10":{"start":{"line":47,"column":12},"end":{"line":47,"column":24}},"11":{"start":{"line":62,"column":63},"end":{"line":66,"column":10}},"12":{"start":{"line":63,"column":12},"end":{"line":65,"column":13}},"13":{"start":{"line":64,"column":16},"end":{"line":64,"column":71}},"14":{"start":{"line":71,"column":42},"end":{"line":75,"column":10}},"15":{"start":{"line":72,"column":12},"end":{"line":74,"column":13}},"16":{"start":{"line":73,"column":16},"end":{"line":73,"column":74}},"17":{"start":{"line":94,"column":0},"end":{"line":97,"column":2}},"18":{"start":{"line":99,"column":0},"end":{"line":108,"column":2}},"19":{"start":{"line":104,"column":12},"end":{"line":104,"column":41}},"20":{"start":{"line":105,"column":12},"end":{"line":105,"column":24}},"21":{"start":{"line":110,"column":0},"end":{"line":113,"column":2}}},"fnMap":{"0":{"name":"(anonymous_0)","decl":{"start":{"line":13,"column":16},"end":{"line":13,"column":17}},"loc":{"start":{"line":13,"column":34},"end":{"line":16,"column":9}},"line":13},"1":{"name":"(anonymous_1)","decl":{"start":{"line":43,"column":16},"end":{"line":43,"column":17}},"loc":{"start":{"line":43,"column":36},"end":{"line":48,"column":9}},"line":43},"2":{"name":"(anonymous_2)","decl":{"start":{"line":62,"column":49},"end":{"line":62,"column":50}},"loc":{"start":{"line":62,"column":63},"end":{"line":66,"column":10}},"line":62},"3":{"name":"(anonymous_3)","decl":{"start":{"line":62,"column":96},"end":{"line":62,"column":97}},"loc":{"start":{"line":62,"column":110},"end":{"line":66,"column":9}},"line":62},"4":{"name":"(anonymous_4)","decl":{"start":{"line":71,"column":16},"end":{"line":71,"column":17}},"loc":{"start":{"line":71,"column":42},"end":{"line":75,"column":10}},"line":71},"5":{"name":"(anonymous_5)","decl":{"start":{"line":71,"column":81},"end":{"line":71,"column":82}},"loc":{"start":{"line":71,"column":98},"end":{"line":75,"column":9}},"line":71},"6":{"name":"(anonymous_6)","decl":{"start":{"line":103,"column":16},"end":{"line":103,"column":17}},"loc":{"start":{"line":103,"column":34},"end":{"line":106,"column":9}},"line":103}},"branchMap":{"0":{"loc":{"start":{"line":44,"column":12},"end":{"line":46,"column":13}},"type":"if","locations":[{"start":{"line":44,"column":12},"end":{"line":46,"column":13}},{"start":{},"end":{}}],"line":44},"1":{"loc":{"start":{"line":63,"column":12},"end":{"line":65,"column":13}},"type":"if","locations":[{"start":{"line":63,"column":12},"end":{"line":65,"column":13}},{"start":{},"end":{}}],"line":63},"2":{"loc":{"start":{"line":72,"column":12},"end":{"line":74,"column":13}},"type":"if","locations":[{"start":{"line":72,"column":12},"end":{"line":74,"column":13}},{"start":{},"end":{}}],"line":72},"3":{"loc":{"start":{"line":72,"column":16},"end":{"line":72,"column":85}},"type":"binary-expr","locations":[{"start":{"line":72,"column":16},"end":{"line":72,"column":28}},{"start":{"line":72,"column":32},"end":{"line":72,"column":85}}],"line":72}},"s":{"0":4,"1":4,"2":4,"3":4,"4":4,"5":4,"6":1,"7":1,"8":1,"9":0,"10":1,"11":1,"12":1,"13":0,"14":0,"15":0,"16":0,"17":4,"18":4,"19":1,"20":1,"21":4},"f":{"0":1,"1":1,"2":1,"3":1,"4":0,"5":0,"6":1},"b":{"0":[0,1],"1":[0,1],"2":[0,0],"3":[0,0]},"_coverageSchema":"1a1c01bbd47fc00a2c39e90264f33305004495a9","hash":"921e4ba7b2150fe73fc197823f653ecc13145f6c"}
,"D:\\nodejs\\ecommerce-api-v1\\utils\\validators\\subcategoryValidator.js": {"path":"D:\\nodejs\\ecommerce-api-v1\\utils\\validators\\subcategoryValidator.js","statementMap":{"0":{"start":{"line":1,"column":18},"end":{"line":1,"column":46}},"1":{"start":{"line":2,"column":32},"end":{"line":2,"column":80}},"2":{"start":{"line":4,"column":0},"end":{"line":8,"column":25}},"3":{"start":{"line":12,"column":0},"end":{"line":14,"column":1}},"4":{"start":{"line":15,"column":0},"end":{"line":19,"column":1}},"5":{"start":{"line":20,"column":0},"end":{"line":22,"column":1}}},"fnMap":{},"branchMap":{},"s":{"0":4,"1":4,"2":4,"3":4,"4":4,"5":4},"f":{},"b":{},"_coverageSchema":"1a1c01bbd47fc00a2c39e90264f33305004495a9","hash":"c92c912fb3e031ff30f49b8b7306047398b61778"}
}
