{"D:\\nodejs\\ecommerce-api-v1\\server.js": {"path":"D:\\nodejs\\ecommerce-api-v1\\server.js","statementMap":{"0":{"start":{"line":1,"column":16},"end":{"line":1,"column":34}},"1":{"start":{"line":2,"column":15},"end":{"line":2,"column":32}},"2":{"start":{"line":3,"column":15},"end":{"line":3,"column":32}},"3":{"start":{"line":4,"column":17},"end":{"line":4,"column":44}},"4":{"start":{"line":6,"column":0},"end":{"line":6,"column":16}},"5":{"start":{"line":7,"column":22},"end":{"line":37,"column":1}},"6":{"start":{"line":8,"column":16},"end":{"line":8,"column":29}},"7":{"start":{"line":9,"column":4},"end":{"line":11,"column":5}},"8":{"start":{"line":10,"column":8},"end":{"line":10,"column":31}},"9":{"start":{"line":12,"column":4},"end":{"line":12,"column":28}},"10":{"start":{"line":13,"column":27},"end":{"line":13,"column":61}},"11":{"start":{"line":14,"column":30},"end":{"line":14,"column":67}},"12":{"start":{"line":15,"column":25},"end":{"line":15,"column":53}},"13":{"start":{"line":16,"column":24},"end":{"line":16,"column":64}},"14":{"start":{"line":18,"column":4},"end":{"line":18,"column":50}},"15":{"start":{"line":19,"column":4},"end":{"line":19,"column":56}},"16":{"start":{"line":22,"column":4},"end":{"line":22,"column":24}},"17":{"start":{"line":24,"column":4},"end":{"line":26,"column":6}},"18":{"start":{"line":25,"column":8},"end":{"line":25,"column":76}},"19":{"start":{"line":29,"column":4},"end":{"line":34,"column":6}},"20":{"start":{"line":30,"column":8},"end":{"line":30,"column":79}},"21":{"start":{"line":31,"column":8},"end":{"line":33,"column":11}},"22":{"start":{"line":32,"column":12},"end":{"line":32,"column":28}},"23":{"start":{"line":36,"column":4},"end":{"line":36,"column":15}},"24":{"start":{"line":38,"column":12},"end":{"line":38,"column":27}},"25":{"start":{"line":39,"column":0},"end":{"line":39,"column":21}}},"fnMap":{"0":{"name":"(anonymous_0)","decl":{"start":{"line":7,"column":22},"end":{"line":7,"column":23}},"loc":{"start":{"line":7,"column":28},"end":{"line":37,"column":1}},"line":7},"1":{"name":"(anonymous_1)","decl":{"start":{"line":24,"column":17},"end":{"line":24,"column":18}},"loc":{"start":{"line":24,"column":37},"end":{"line":26,"column":5}},"line":24},"2":{"name":"(anonymous_2)","decl":{"start":{"line":29,"column":33},"end":{"line":29,"column":34}},"loc":{"start":{"line":29,"column":42},"end":{"line":34,"column":5}},"line":29},"3":{"name":"(anonymous_3)","decl":{"start":{"line":31,"column":21},"end":{"line":31,"column":22}},"loc":{"start":{"line":31,"column":27},"end":{"line":33,"column":9}},"line":31}},"branchMap":{"0":{"loc":{"start":{"line":9,"column":4},"end":{"line":11,"column":5}},"type":"if","locations":[{"start":{"line":9,"column":4},"end":{"line":11,"column":5}},{"start":{},"end":{}}],"line":9}},"s":{"0":2,"1":2,"2":2,"3":2,"4":2,"5":2,"6":2,"7":2,"8":0,"9":2,"10":2,"11":2,"12":2,"13":2,"14":2,"15":2,"16":2,"17":2,"18":0,"19":2,"20":0,"21":0,"22":0,"23":2,"24":2,"25":2},"f":{"0":2,"1":0,"2":0,"3":0},"b":{"0":[0,2]},"_coverageSchema":"1a1c01bbd47fc00a2c39e90264f33305004495a9","hash":"3fc484e9a930c1aa26122eba7fdecb01c703ab84"}
,"D:\\nodejs\\ecommerce-api-v1\\config\\database.js": {"path":"D:\\nodejs\\ecommerce-api-v1\\config\\database.js","statementMap":{"0":{"start":{"line":1,"column":17},"end":{"line":1,"column":36}},"1":{"start":{"line":3,"column":14},"end":{"line":3,"column":39}},"2":{"start":{"line":4,"column":16},"end":{"line":8,"column":2}},"3":{"start":{"line":5,"column":4},"end":{"line":5,"column":51}},"4":{"start":{"line":7,"column":4},"end":{"line":7,"column":43}},"5":{"start":{"line":10,"column":0},"end":{"line":10,"column":25}}},"fnMap":{"0":{"name":"(anonymous_0)","decl":{"start":{"line":4,"column":72},"end":{"line":4,"column":73}},"loc":{"start":{"line":4,"column":78},"end":{"line":6,"column":1}},"line":4},"1":{"name":"(anonymous_1)","decl":{"start":{"line":6,"column":9},"end":{"line":6,"column":10}},"loc":{"start":{"line":6,"column":20},"end":{"line":8,"column":1}},"line":6}},"branchMap":{},"s":{"0":2,"1":2,"2":2,"3":2,"4":0,"5":2},"f":{"0":2,"1":0},"b":{},"_coverageSchema":"1a1c01bbd47fc00a2c39e90264f33305004495a9","hash":"fd10d8a74bf3a08be6a9066a8b4cf79d16e87fbf"}
,"D:\\nodejs\\ecommerce-api-v1\\middlewares\\ErrorMiddleware.js": {"path":"D:\\nodejs\\ecommerce-api-v1\\middlewares\\ErrorMiddleware.js","statementMap":{"0":{"start":{"line":1,"column":20},"end":{"line":9,"column":1}},"1":{"start":{"line":2,"column":4},"end":{"line":2,"column":43}},"2":{"start":{"line":3,"column":4},"end":{"line":3,"column":39}},"3":{"start":{"line":4,"column":4},"end":{"line":7,"column":86}},"4":{"start":{"line":5,"column":8},"end":{"line":5,"column":116}},"5":{"start":{"line":7,"column":8},"end":{"line":7,"column":86}},"6":{"start":{"line":11,"column":0},"end":{"line":11,"column":29}}},"fnMap":{"0":{"name":"(anonymous_0)","decl":{"start":{"line":1,"column":20},"end":{"line":1,"column":21}},"loc":{"start":{"line":1,"column":45},"end":{"line":9,"column":1}},"line":1}},"branchMap":{"0":{"loc":{"start":{"line":2,"column":21},"end":{"line":2,"column":42}},"type":"binary-expr","locations":[{"start":{"line":2,"column":21},"end":{"line":2,"column":35}},{"start":{"line":2,"column":39},"end":{"line":2,"column":42}}],"line":2},"1":{"loc":{"start":{"line":3,"column":17},"end":{"line":3,"column":38}},"type":"binary-expr","locations":[{"start":{"line":3,"column":17},"end":{"line":3,"column":27}},{"start":{"line":3,"column":31},"end":{"line":3,"column":38}}],"line":3},"2":{"loc":{"start":{"line":4,"column":4},"end":{"line":7,"column":86}},"type":"if","locations":[{"start":{"line":4,"column":4},"end":{"line":7,"column":86}},{"start":{"line":7,"column":8},"end":{"line":7,"column":86}}],"line":4}},"s":{"0":2,"1":0,"2":0,"3":0,"4":0,"5":0,"6":2},"f":{"0":0},"b":{"0":[0,0],"1":[0,0],"2":[0,0]},"_coverageSchema":"1a1c01bbd47fc00a2c39e90264f33305004495a9","hash":"10cc40ec807645a0eeea4bb46a947238e8f5daa1"}
,"D:\\nodejs\\ecommerce-api-v1\\middlewares\\ValidatorMiddleware.js": {"path":"D:\\nodejs\\ecommerce-api-v1\\middlewares\\ValidatorMiddleware.js","statementMap":{"0":{"start":{"line":1,"column":29},"end":{"line":1,"column":57}},"1":{"start":{"line":3,"column":0},"end":{"line":9,"column":1}},"2":{"start":{"line":4,"column":19},"end":{"line":4,"column":40}},"3":{"start":{"line":5,"column":4},"end":{"line":7,"column":5}},"4":{"start":{"line":6,"column":8},"end":{"line":6,"column":64}},"5":{"start":{"line":8,"column":4},"end":{"line":8,"column":10}}},"fnMap":{"0":{"name":"(anonymous_0)","decl":{"start":{"line":3,"column":30},"end":{"line":3,"column":31}},"loc":{"start":{"line":3,"column":50},"end":{"line":9,"column":1}},"line":3}},"branchMap":{"0":{"loc":{"start":{"line":5,"column":4},"end":{"line":7,"column":5}},"type":"if","locations":[{"start":{"line":5,"column":4},"end":{"line":7,"column":5}},{"start":{},"end":{}}],"line":5}},"s":{"0":2,"1":2,"2":9,"3":9,"4":1,"5":8},"f":{"0":9},"b":{"0":[1,8]},"_coverageSchema":"1a1c01bbd47fc00a2c39e90264f33305004495a9","hash":"9f96862e2c176c52bbc7173bb07c5ce2602acb10"}
,"D:\\nodejs\\ecommerce-api-v1\\models\\Category.js": {"path":"D:\\nodejs\\ecommerce-api-v1\\models\\Category.js","statementMap":{"0":{"start":{"line":1,"column":17},"end":{"line":1,"column":36}},"1":{"start":{"line":3,"column":23},"end":{"line":18,"column":24}},"2":{"start":{"line":19,"column":17},"end":{"line":19,"column":59}},"3":{"start":{"line":21,"column":0},"end":{"line":21,"column":26}}},"fnMap":{},"branchMap":{},"s":{"0":2,"1":2,"2":2,"3":2},"f":{},"b":{},"_coverageSchema":"1a1c01bbd47fc00a2c39e90264f33305004495a9","hash":"8e49c1c145331667c0d512d8daa23a9fa74ee31d"}
,"D:\\nodejs\\ecommerce-api-v1\\models\\Subcategory.js": {"path":"D:\\nodejs\\ecommerce-api-v1\\models\\Subcategory.js","statementMap":{"0":{"start":{"line":1,"column":17},"end":{"line":1,"column":36}},"1":{"start":{"line":3,"column":20},"end":{"line":22,"column":24}},"2":{"start":{"line":24,"column":0},"end":{"line":24,"column":60}}},"fnMap":{},"branchMap":{},"s":{"0":2,"1":2,"2":2},"f":{},"b":{},"_coverageSchema":"1a1c01bbd47fc00a2c39e90264f33305004495a9","hash":"53f9b2644af57e1fc144651db6f4ca580f0a8e03"}
,"D:\\nodejs\\ecommerce-api-v1\\routes\\categoryRoutes.js": {"path":"D:\\nodejs\\ecommerce-api-v1\\routes\\categoryRoutes.js","statementMap":{"0":{"start":{"line":1,"column":15},"end":{"line":1,"column":42}},"1":{"start":{"line":2,"column":87},"end":{"line":2,"column":126}},"2":{"start":{"line":3,"column":108},"end":{"line":3,"column":156}},"3":{"start":{"line":5,"column":0},"end":{"line":5,"column":83}},"4":{"start":{"line":6,"column":0},"end":{"line":6,"column":153}},"5":{"start":{"line":7,"column":0},"end":{"line":7,"column":24}}},"fnMap":{},"branchMap":{},"s":{"0":2,"1":2,"2":2,"3":2,"4":2,"5":2},"f":{},"b":{},"_coverageSchema":"1a1c01bbd47fc00a2c39e90264f33305004495a9","hash":"5b1e9cbfe1940d97bbdb23b8951d4bdbd6c39063"}
,"D:\\nodejs\\ecommerce-api-v1\\routes\\subcategoryRoutes.js": {"path":"D:\\nodejs\\ecommerce-api-v1\\routes\\subcategoryRoutes.js","statementMap":{"0":{"start":{"line":1,"column":15},"end":{"line":1,"column":42}},"1":{"start":{"line":3,"column":102},"end":{"line":3,"column":144}},"2":{"start":{"line":4,"column":36},"end":{"line":4,"column":84}},"3":{"start":{"line":5,"column":64},"end":{"line":5,"column":115}},"4":{"start":{"line":8,"column":0},"end":{"line":8,"column":91}},"5":{"start":{"line":9,"column":0},"end":{"line":9,"column":158}},"6":{"start":{"line":10,"column":0},"end":{"line":10,"column":24}}},"fnMap":{},"branchMap":{},"s":{"0":2,"1":2,"2":2,"3":2,"4":2,"5":2,"6":2},"f":{},"b":{},"_coverageSchema":"1a1c01bbd47fc00a2c39e90264f33305004495a9","hash":"9e173e5d8787a7eb7717ab255c3336bd4d247cab"}
,"D:\\nodejs\\ecommerce-api-v1\\services\\CategoryServices.js": {"path":"D:\\nodejs\\ecommerce-api-v1\\services\\CategoryServices.js","statementMap":{"0":{"start":{"line":1,"column":21},"end":{"line":1,"column":53}},"1":{"start":{"line":2,"column":16},"end":{"line":2,"column":34}},"2":{"start":{"line":3,"column":17},"end":{"line":3,"column":46}},"3":{"start":{"line":4,"column":17},"end":{"line":4,"column":45}},"4":{"start":{"line":8,"column":0},"end":{"line":12,"column":2}},"5":{"start":{"line":9,"column":21},"end":{"line":9,"column":29}},"6":{"start":{"line":10,"column":21},"end":{"line":10,"column":73}},"7":{"start":{"line":11,"column":4},"end":{"line":11,"column":52}},"8":{"start":{"line":18,"column":0},"end":{"line":24,"column":2}},"9":{"start":{"line":19,"column":17},"end":{"line":19,"column":50}},"10":{"start":{"line":20,"column":18},"end":{"line":20,"column":52}},"11":{"start":{"line":21,"column":17},"end":{"line":21,"column":35}},"12":{"start":{"line":22,"column":23},"end":{"line":22,"column":70}},"13":{"start":{"line":23,"column":4},"end":{"line":23,"column":87}},"14":{"start":{"line":30,"column":0},"end":{"line":37,"column":2}},"15":{"start":{"line":31,"column":19},"end":{"line":31,"column":29}},"16":{"start":{"line":32,"column":21},"end":{"line":32,"column":48}},"17":{"start":{"line":33,"column":4},"end":{"line":34,"column":72}},"18":{"start":{"line":34,"column":8},"end":{"line":34,"column":72}},"19":{"start":{"line":35,"column":4},"end":{"line":35,"column":45}},"20":{"start":{"line":43,"column":0},"end":{"line":50,"column":2}},"21":{"start":{"line":44,"column":19},"end":{"line":44,"column":29}},"22":{"start":{"line":45,"column":21},"end":{"line":45,"column":29}},"23":{"start":{"line":46,"column":21},"end":{"line":46,"column":111}},"24":{"start":{"line":47,"column":4},"end":{"line":48,"column":72}},"25":{"start":{"line":48,"column":8},"end":{"line":48,"column":72}},"26":{"start":{"line":49,"column":4},"end":{"line":49,"column":45}},"27":{"start":{"line":55,"column":0},"end":{"line":63,"column":2}},"28":{"start":{"line":56,"column":19},"end":{"line":56,"column":29}},"29":{"start":{"line":57,"column":21},"end":{"line":57,"column":66}},"30":{"start":{"line":58,"column":4},"end":{"line":59,"column":72}},"31":{"start":{"line":59,"column":8},"end":{"line":59,"column":72}},"32":{"start":{"line":61,"column":4},"end":{"line":61,"column":67}}},"fnMap":{"0":{"name":"(anonymous_0)","decl":{"start":{"line":8,"column":38},"end":{"line":8,"column":39}},"loc":{"start":{"line":8,"column":58},"end":{"line":12,"column":1}},"line":8},"1":{"name":"(anonymous_1)","decl":{"start":{"line":18,"column":37},"end":{"line":18,"column":38}},"loc":{"start":{"line":18,"column":57},"end":{"line":24,"column":1}},"line":18},"2":{"name":"(anonymous_2)","decl":{"start":{"line":30,"column":35},"end":{"line":30,"column":36}},"loc":{"start":{"line":30,"column":61},"end":{"line":37,"column":1}},"line":30},"3":{"name":"(anonymous_3)","decl":{"start":{"line":43,"column":38},"end":{"line":43,"column":39}},"loc":{"start":{"line":43,"column":64},"end":{"line":50,"column":1}},"line":43},"4":{"name":"(anonymous_4)","decl":{"start":{"line":55,"column":38},"end":{"line":55,"column":39}},"loc":{"start":{"line":55,"column":64},"end":{"line":63,"column":1}},"line":55}},"branchMap":{"0":{"loc":{"start":{"line":19,"column":17},"end":{"line":19,"column":50}},"type":"binary-expr","locations":[{"start":{"line":19,"column":17},"end":{"line":19,"column":45}},{"start":{"line":19,"column":49},"end":{"line":19,"column":50}}],"line":19},"1":{"loc":{"start":{"line":20,"column":18},"end":{"line":20,"column":52}},"type":"binary-expr","locations":[{"start":{"line":20,"column":18},"end":{"line":20,"column":47}},{"start":{"line":20,"column":51},"end":{"line":20,"column":52}}],"line":20},"2":{"loc":{"start":{"line":33,"column":4},"end":{"line":34,"column":72}},"type":"if","locations":[{"start":{"line":33,"column":4},"end":{"line":34,"column":72}},{"start":{},"end":{}}],"line":33},"3":{"loc":{"start":{"line":47,"column":4},"end":{"line":48,"column":72}},"type":"if","locations":[{"start":{"line":47,"column":4},"end":{"line":48,"column":72}},{"start":{},"end":{}}],"line":47},"4":{"loc":{"start":{"line":58,"column":4},"end":{"line":59,"column":72}},"type":"if","locations":[{"start":{"line":58,"column":4},"end":{"line":59,"column":72}},{"start":{},"end":{}}],"line":58}},"s":{"0":2,"1":2,"2":2,"3":2,"4":2,"5":2,"6":2,"7":2,"8":2,"9":1,"10":1,"11":1,"12":1,"13":1,"14":2,"15":1,"16":1,"17":1,"18":0,"19":1,"20":2,"21":1,"22":1,"23":1,"24":1,"25":0,"26":1,"27":2,"28":1,"29":1,"30":1,"31":0,"32":1},"f":{"0":2,"1":1,"2":1,"3":1,"4":1},"b":{"0":[1,1],"1":[1,1],"2":[0,1],"3":[0,1],"4":[0,1]},"_coverageSchema":"1a1c01bbd47fc00a2c39e90264f33305004495a9","hash":"e15b44050b5041d18fb58d4b41378fe0cc6d8516"}
,"D:\\nodejs\\ecommerce-api-v1\\services\\SubcategoryServices.js": {"path":"D:\\nodejs\\ecommerce-api-v1\\services\\SubcategoryServices.js","statementMap":{"0":{"start":{"line":1,"column":21},"end":{"line":1,"column":53}},"1":{"start":{"line":2,"column":16},"end":{"line":2,"column":34}},"2":{"start":{"line":3,"column":20},"end":{"line":3,"column":52}},"3":{"start":{"line":4,"column":17},"end":{"line":4,"column":45}},"4":{"start":{"line":9,"column":0},"end":{"line":13,"column":2}},"5":{"start":{"line":10,"column":31},"end":{"line":10,"column":39}},"6":{"start":{"line":11,"column":24},"end":{"line":11,"column":89}},"7":{"start":{"line":12,"column":4},"end":{"line":12,"column":55}},"8":{"start":{"line":19,"column":0},"end":{"line":25,"column":2}},"9":{"start":{"line":20,"column":17},"end":{"line":20,"column":50}},"10":{"start":{"line":21,"column":18},"end":{"line":21,"column":52}},"11":{"start":{"line":22,"column":17},"end":{"line":22,"column":35}},"12":{"start":{"line":23,"column":26},"end":{"line":23,"column":76}},"13":{"start":{"line":24,"column":4},"end":{"line":24,"column":93}},"14":{"start":{"line":31,"column":0},"end":{"line":38,"column":2}},"15":{"start":{"line":32,"column":19},"end":{"line":32,"column":29}},"16":{"start":{"line":33,"column":24},"end":{"line":33,"column":54}},"17":{"start":{"line":34,"column":4},"end":{"line":35,"column":75}},"18":{"start":{"line":35,"column":8},"end":{"line":35,"column":75}},"19":{"start":{"line":36,"column":4},"end":{"line":36,"column":48}},"20":{"start":{"line":44,"column":0},"end":{"line":51,"column":2}},"21":{"start":{"line":45,"column":19},"end":{"line":45,"column":29}},"22":{"start":{"line":46,"column":31},"end":{"line":46,"column":39}},"23":{"start":{"line":47,"column":24},"end":{"line":47,"column":127}},"24":{"start":{"line":48,"column":4},"end":{"line":49,"column":75}},"25":{"start":{"line":49,"column":8},"end":{"line":49,"column":75}},"26":{"start":{"line":50,"column":4},"end":{"line":50,"column":48}},"27":{"start":{"line":56,"column":0},"end":{"line":64,"column":2}},"28":{"start":{"line":57,"column":19},"end":{"line":57,"column":29}},"29":{"start":{"line":58,"column":24},"end":{"line":58,"column":72}},"30":{"start":{"line":59,"column":4},"end":{"line":60,"column":75}},"31":{"start":{"line":60,"column":8},"end":{"line":60,"column":75}},"32":{"start":{"line":62,"column":4},"end":{"line":62,"column":70}}},"fnMap":{"0":{"name":"(anonymous_0)","decl":{"start":{"line":9,"column":41},"end":{"line":9,"column":42}},"loc":{"start":{"line":9,"column":61},"end":{"line":13,"column":1}},"line":9},"1":{"name":"(anonymous_1)","decl":{"start":{"line":19,"column":40},"end":{"line":19,"column":41}},"loc":{"start":{"line":19,"column":60},"end":{"line":25,"column":1}},"line":19},"2":{"name":"(anonymous_2)","decl":{"start":{"line":31,"column":38},"end":{"line":31,"column":39}},"loc":{"start":{"line":31,"column":64},"end":{"line":38,"column":1}},"line":31},"3":{"name":"(anonymous_3)","decl":{"start":{"line":44,"column":41},"end":{"line":44,"column":42}},"loc":{"start":{"line":44,"column":67},"end":{"line":51,"column":1}},"line":44},"4":{"name":"(anonymous_4)","decl":{"start":{"line":56,"column":41},"end":{"line":56,"column":42}},"loc":{"start":{"line":56,"column":67},"end":{"line":64,"column":1}},"line":56}},"branchMap":{"0":{"loc":{"start":{"line":20,"column":17},"end":{"line":20,"column":50}},"type":"binary-expr","locations":[{"start":{"line":20,"column":17},"end":{"line":20,"column":45}},{"start":{"line":20,"column":49},"end":{"line":20,"column":50}}],"line":20},"1":{"loc":{"start":{"line":21,"column":18},"end":{"line":21,"column":52}},"type":"binary-expr","locations":[{"start":{"line":21,"column":18},"end":{"line":21,"column":47}},{"start":{"line":21,"column":51},"end":{"line":21,"column":52}}],"line":21},"2":{"loc":{"start":{"line":34,"column":4},"end":{"line":35,"column":75}},"type":"if","locations":[{"start":{"line":34,"column":4},"end":{"line":35,"column":75}},{"start":{},"end":{}}],"line":34},"3":{"loc":{"start":{"line":48,"column":4},"end":{"line":49,"column":75}},"type":"if","locations":[{"start":{"line":48,"column":4},"end":{"line":49,"column":75}},{"start":{},"end":{}}],"line":48},"4":{"loc":{"start":{"line":59,"column":4},"end":{"line":60,"column":75}},"type":"if","locations":[{"start":{"line":59,"column":4},"end":{"line":60,"column":75}},{"start":{},"end":{}}],"line":59}},"s":{"0":2,"1":2,"2":2,"3":2,"4":2,"5":1,"6":1,"7":1,"8":2,"9":1,"10":1,"11":1,"12":1,"13":1,"14":2,"15":1,"16":1,"17":1,"18":0,"19":1,"20":2,"21":1,"22":1,"23":1,"24":1,"25":0,"26":1,"27":2,"28":1,"29":1,"30":1,"31":0,"32":1},"f":{"0":1,"1":1,"2":1,"3":1,"4":1},"b":{"0":[1,1],"1":[1,1],"2":[0,1],"3":[0,1],"4":[0,1]},"_coverageSchema":"1a1c01bbd47fc00a2c39e90264f33305004495a9","hash":"e41b79172cebfd2475fcd4d81e72b347a95d160c"}
,"D:\\nodejs\\ecommerce-api-v1\\utils\\ApiError.js": {"path":"D:\\nodejs\\ecommerce-api-v1\\utils\\ApiError.js","statementMap":{"0":{"start":{"line":3,"column":8},"end":{"line":3,"column":23}},"1":{"start":{"line":4,"column":8},"end":{"line":4,"column":31}},"2":{"start":{"line":5,"column":8},"end":{"line":5,"column":37}},"3":{"start":{"line":6,"column":8},"end":{"line":6,"column":71}},"4":{"start":{"line":7,"column":8},"end":{"line":7,"column":34}},"5":{"start":{"line":11,"column":0},"end":{"line":11,"column":26}}},"fnMap":{"0":{"name":"(anonymous_0)","decl":{"start":{"line":2,"column":4},"end":{"line":2,"column":5}},"loc":{"start":{"line":2,"column":37},"end":{"line":8,"column":5}},"line":2}},"branchMap":{"0":{"loc":{"start":{"line":6,"column":22},"end":{"line":6,"column":70}},"type":"cond-expr","locations":[{"start":{"line":6,"column":54},"end":{"line":6,"column":60}},{"start":{"line":6,"column":63},"end":{"line":6,"column":70}}],"line":6}},"s":{"0":0,"1":0,"2":0,"3":0,"4":0,"5":2},"f":{"0":0},"b":{"0":[0,0]},"_coverageSchema":"1a1c01bbd47fc00a2c39e90264f33305004495a9","hash":"07e150e66e22958b5c09e7018da06fa0baa6eaa0"}
,"D:\\nodejs\\ecommerce-api-v1\\utils\\validators\\CategoryValidator.js": {"path":"D:\\nodejs\\ecommerce-api-v1\\utils\\validators\\CategoryValidator.js","statementMap":{"0":{"start":{"line":1,"column":18},"end":{"line":1,"column":46}},"1":{"start":{"line":2,"column":32},"end":{"line":2,"column":80}},"2":{"start":{"line":4,"column":0},"end":{"line":7,"column":25}},"3":{"start":{"line":8,"column":0},"end":{"line":11,"column":1}},"4":{"start":{"line":12,"column":0},"end":{"line":16,"column":1}},"5":{"start":{"line":17,"column":0},"end":{"line":19,"column":1}}},"fnMap":{},"branchMap":{},"s":{"0":2,"1":2,"2":2,"3":2,"4":2,"5":2},"f":{},"b":{},"_coverageSchema":"1a1c01bbd47fc00a2c39e90264f33305004495a9","hash":"962cc40ce1e3773b1d1d41bce0fee3e03122c521"}
,"D:\\nodejs\\ecommerce-api-v1\\utils\\validators\\subcategoryValidator.js": {"path":"D:\\nodejs\\ecommerce-api-v1\\utils\\validators\\subcategoryValidator.js","statementMap":{"0":{"start":{"line":1,"column":18},"end":{"line":1,"column":46}},"1":{"start":{"line":2,"column":32},"end":{"line":2,"column":80}},"2":{"start":{"line":4,"column":0},"end":{"line":8,"column":25}},"3":{"start":{"line":12,"column":0},"end":{"line":14,"column":1}},"4":{"start":{"line":15,"column":0},"end":{"line":19,"column":1}},"5":{"start":{"line":20,"column":0},"end":{"line":22,"column":1}}},"fnMap":{},"branchMap":{},"s":{"0":2,"1":2,"2":2,"3":2,"4":2,"5":2},"f":{},"b":{},"_coverageSchema":"1a1c01bbd47fc00a2c39e90264f33305004495a9","hash":"c92c912fb3e031ff30f49b8b7306047398b61778"}
}
