TN:
SF:server.js
FN:10,(anonymous_0)
FN:31,(anonymous_1)
FN:35,(anonymous_2)
FN:37,(anonymous_3)
FNF:4
FNH:1
FNDA:4,(anonymous_0)
FNDA:0,(anonymous_1)
FNDA:0,(anonymous_2)
FNDA:0,(anonymous_3)
DA:3,4
DA:4,4
DA:5,4
DA:6,4
DA:7,4
DA:9,4
DA:10,4
DA:11,4
DA:12,4
DA:13,0
DA:15,4
DA:16,4
DA:17,4
DA:18,4
DA:19,4
DA:20,4
DA:21,4
DA:23,4
DA:24,4
DA:25,4
DA:26,4
DA:28,4
DA:29,4
DA:31,4
DA:32,0
DA:35,4
DA:36,0
DA:37,0
DA:38,0
DA:42,4
DA:44,4
DA:45,4
LF:32
LH:27
BRDA:12,0,0,0
BRDA:12,0,1,4
BRF:2
BRH:1
end_of_record
TN:
SF:config\database.js
FN:4,(anonymous_0)
FN:6,(anonymous_1)
FNF:2
FNH:1
FNDA:4,(anonymous_0)
FNDA:0,(anonymous_1)
DA:1,4
DA:3,4
DA:4,4
DA:5,4
DA:7,0
DA:10,4
LF:6
LH:5
BRF:0
BRH:0
end_of_record
TN:
SF:middlewares\ErrorMiddleware.js
FN:1,(anonymous_0)
FNF:1
FNH:1
FNDA:9,(anonymous_0)
DA:1,4
DA:2,9
DA:3,9
DA:4,9
DA:5,0
DA:7,9
DA:11,4
LF:7
LH:6
BRDA:2,0,0,9
BRDA:2,0,1,9
BRDA:3,1,0,9
BRDA:3,1,1,9
BRDA:4,2,0,0
BRDA:4,2,1,9
BRF:6
BRH:5
end_of_record
TN:
SF:middlewares\UploadImage.js
FN:5,(anonymous_0)
FN:7,(anonymous_1)
FN:19,(anonymous_2)
FN:24,(anonymous_3)
FNF:4
FNH:3
FNDA:12,(anonymous_0)
FNDA:0,(anonymous_1)
FNDA:8,(anonymous_2)
FNDA:4,(anonymous_3)
DA:1,4
DA:3,4
DA:5,4
DA:6,12
DA:7,12
DA:8,0
DA:9,0
DA:12,0
DA:15,12
DA:19,4
DA:20,8
DA:21,8
DA:24,4
DA:25,4
DA:26,4
LF:15
LH:12
BRDA:8,0,0,0
BRDA:8,0,1,0
BRF:2
BRH:0
end_of_record
TN:
SF:middlewares\ValidatorMiddleware.js
FN:3,(anonymous_0)
FNF:1
FNH:1
FNDA:10,(anonymous_0)
DA:1,4
DA:3,4
DA:4,10
DA:5,10
DA:6,10
DA:8,0
LF:6
LH:5
BRDA:5,0,0,10
BRDA:5,0,1,0
BRF:2
BRH:1
end_of_record
TN:
SF:models\Brand.js
FN:19,(anonymous_0)
FNF:1
FNH:0
FNDA:0,(anonymous_0)
DA:1,4
DA:3,4
DA:19,4
DA:20,0
DA:21,0
DA:22,0
DA:25,4
DA:27,4
LF:8
LH:5
BRDA:20,0,0,0
BRDA:20,0,1,0
BRF:2
BRH:0
end_of_record
TN:
SF:models\Category.js
FN:19,(anonymous_0)
FNF:1
FNH:0
FNDA:0,(anonymous_0)
DA:1,4
DA:3,4
DA:19,4
DA:20,0
DA:21,0
DA:22,0
DA:25,4
DA:27,4
LF:8
LH:5
BRDA:20,0,0,0
BRDA:20,0,1,0
BRF:2
BRH:0
end_of_record
TN:
SF:models\Product.js
FN:69,(anonymous_0)
FN:74,(anonymous_1)
FN:81,(anonymous_2)
FNF:3
FNH:1
FNDA:1,(anonymous_0)
FNDA:0,(anonymous_1)
FNDA:0,(anonymous_2)
DA:1,4
DA:3,4
DA:69,4
DA:70,1
DA:71,1
DA:74,4
DA:75,0
DA:76,0
DA:77,0
DA:79,0
DA:80,0
DA:81,0
DA:82,0
DA:83,0
DA:84,0
DA:88,4
DA:90,4
LF:17
LH:8
BRDA:75,0,0,0
BRDA:75,0,1,0
BRDA:79,1,0,0
BRDA:79,1,1,0
BRF:4
BRH:0
end_of_record
TN:
SF:models\Subcategory.js
FNF:0
FNH:0
DA:1,4
DA:3,4
DA:24,4
LF:3
LH:3
BRF:0
BRH:0
end_of_record
TN:
SF:routes\brandRoutes.js
FNF:0
FNH:0
DA:1,4
DA:2,4
DA:3,4
DA:5,4
DA:6,4
DA:8,4
LF:6
LH:6
BRF:0
BRH:0
end_of_record
TN:
SF:routes\categoryRoutes.js
FNF:0
FNH:0
DA:1,4
DA:2,4
DA:3,4
DA:4,4
DA:6,4
DA:7,4
DA:8,4
DA:10,4
LF:8
LH:8
BRF:0
BRH:0
end_of_record
TN:
SF:routes\productRoute.js
FNF:0
FNH:0
DA:1,4
DA:2,4
DA:3,4
DA:5,4
DA:6,4
DA:8,4
LF:6
LH:6
BRF:0
BRH:0
end_of_record
TN:
SF:routes\subcategoryRoutes.js
FNF:0
FNH:0
DA:1,4
DA:3,4
DA:4,4
DA:5,4
DA:8,4
DA:9,4
DA:10,4
LF:7
LH:7
BRF:0
BRH:0
end_of_record
TN:
SF:services\BrandServices.js
FN:14,(anonymous_0)
FNF:1
FNH:1
FNDA:2,(anonymous_0)
DA:1,4
DA:2,4
DA:3,4
DA:4,4
DA:5,4
DA:6,4
DA:12,4
DA:14,4
DA:15,2
DA:16,2
DA:17,0
DA:18,0
DA:24,4
DA:30,4
DA:36,4
DA:42,4
DA:47,4
LF:17
LH:15
BRF:0
BRH:0
end_of_record
TN:
SF:services\CategoryServices.js
FN:9,(anonymous_0)
FNF:1
FNH:1
FNDA:6,(anonymous_0)
DA:1,4
DA:2,4
DA:3,4
DA:4,4
DA:5,4
DA:6,4
DA:8,4
DA:9,4
DA:10,6
DA:11,5
DA:12,0
DA:13,0
DA:18,4
DA:23,4
DA:28,4
DA:33,4
DA:38,4
LF:17
LH:15
BRF:0
BRH:0
end_of_record
TN:
SF:services\ProductServices.js
FN:24,(anonymous_0)
FN:35,(anonymous_1)
FNF:2
FNH:0
FNDA:0,(anonymous_0)
FNDA:0,(anonymous_1)
DA:1,4
DA:2,4
DA:3,4
DA:4,4
DA:5,4
DA:6,4
DA:12,4
DA:22,4
DA:24,4
DA:26,0
DA:27,0
DA:28,0
DA:29,0
DA:30,0
DA:32,0
DA:33,0
DA:34,0
DA:36,0
DA:37,0
DA:38,0
DA:42,0
DA:47,4
DA:53,4
DA:58,4
DA:63,4
DA:68,4
LF:26
LH:14
BRDA:27,0,0,0
BRDA:27,0,1,0
BRDA:32,1,0,0
BRDA:32,1,1,0
BRF:4
BRH:0
end_of_record
TN:
SF:services\SubcategoryServices.js
FNF:0
FNH:0
DA:1,4
DA:2,4
DA:7,4
DA:12,4
DA:17,4
DA:22,4
DA:27,4
LF:7
LH:7
BRF:0
BRH:0
end_of_record
TN:
SF:services\handlers.js
FN:6,(anonymous_0)
FN:6,(anonymous_1)
FN:15,(anonymous_2)
FN:15,(anonymous_3)
FN:21,(anonymous_4)
FN:21,(anonymous_5)
FN:29,(anonymous_6)
FN:29,(anonymous_7)
FN:36,(anonymous_8)
FN:36,(anonymous_9)
FNF:10
FNH:7
FNDA:16,(anonymous_0)
FNDA:4,(anonymous_1)
FNDA:16,(anonymous_2)
FNDA:0,(anonymous_3)
FNDA:16,(anonymous_4)
FNDA:0,(anonymous_5)
FNDA:16,(anonymous_6)
FNDA:1,(anonymous_7)
FNDA:16,(anonymous_8)
FNDA:0,(anonymous_9)
DA:1,4
DA:2,4
DA:3,4
DA:6,16
DA:7,4
DA:8,4
DA:9,4
DA:10,4
DA:12,4
DA:15,16
DA:16,0
DA:17,0
DA:21,16
DA:22,0
DA:23,0
DA:24,0
DA:25,0
DA:26,0
DA:29,16
DA:30,1
DA:31,1
DA:32,0
DA:33,0
DA:34,0
DA:36,16
DA:37,0
DA:38,0
DA:39,0
DA:40,0
DA:41,0
DA:43,0
LF:31
LH:15
BRDA:24,0,0,0
BRDA:24,0,1,0
BRDA:32,1,0,0
BRDA:32,1,1,0
BRDA:40,2,0,0
BRDA:40,2,1,0
BRF:6
BRH:0
end_of_record
TN:
SF:utils\ApiError.js
FN:2,(anonymous_0)
FNF:1
FNH:0
FNDA:0,(anonymous_0)
DA:3,0
DA:4,0
DA:5,0
DA:6,0
DA:7,0
DA:11,4
LF:6
LH:1
BRDA:6,0,0,0
BRDA:6,0,1,0
BRF:2
BRH:0
end_of_record
TN:
SF:utils\ApiFeatures.js
FN:3,(anonymous_0)
FN:8,(anonymous_1)
FN:11,(anonymous_2)
FN:13,(anonymous_3)
FN:19,(anonymous_4)
FN:30,(anonymous_5)
FN:40,(anonymous_6)
FN:49,(anonymous_7)
FNF:8
FNH:6
FNDA:4,(anonymous_0)
FNDA:4,(anonymous_1)
FNDA:16,(anonymous_2)
FNDA:0,(anonymous_3)
FNDA:4,(anonymous_4)
FNDA:0,(anonymous_5)
FNDA:4,(anonymous_6)
FNDA:8,(anonymous_7)
DA:4,4
DA:5,4
DA:9,4
DA:10,4
DA:11,16
DA:12,4
DA:13,4
DA:15,4
DA:16,4
DA:20,4
DA:21,0
DA:22,0
DA:25,4
DA:27,4
DA:31,0
DA:32,0
DA:33,0
DA:35,0
DA:37,0
DA:41,4
DA:42,0
DA:43,0
DA:44,0
DA:46,4
DA:50,8
DA:51,8
DA:52,8
DA:53,8
DA:54,8
DA:55,8
DA:56,8
DA:57,8
DA:58,8
DA:59,8
DA:60,0
DA:62,8
DA:63,0
DA:65,8
DA:66,8
DA:67,8
DA:72,4
LF:41
LH:29
BRDA:20,0,0,0
BRDA:20,0,1,4
BRDA:31,1,0,0
BRDA:31,1,1,0
BRDA:41,2,0,0
BRDA:41,2,1,4
BRDA:50,3,0,8
BRDA:50,3,1,8
BRDA:51,4,0,8
BRDA:51,4,1,8
BRDA:59,5,0,0
BRDA:59,5,1,8
BRDA:62,6,0,0
BRDA:62,6,1,8
BRF:14
BRH:8
end_of_record
TN:
SF:utils\validators\BrandValidator.js
FN:7,(anonymous_0)
FN:19,(anonymous_1)
FNF:2
FNH:1
FNDA:0,(anonymous_0)
FNDA:1,(anonymous_1)
DA:1,4
DA:2,4
DA:3,4
DA:5,4
DA:8,0
DA:9,0
DA:12,4
DA:16,4
DA:20,1
DA:21,1
DA:24,4
LF:11
LH:9
BRF:0
BRH:0
end_of_record
TN:
SF:utils\validators\CategoryValidator.js
FN:7,(anonymous_0)
FN:19,(anonymous_1)
FNF:2
FNH:1
FNDA:0,(anonymous_0)
FNDA:1,(anonymous_1)
DA:1,4
DA:2,4
DA:3,4
DA:5,4
DA:8,0
DA:9,0
DA:12,4
DA:16,4
DA:20,1
DA:21,1
DA:24,4
LF:11
LH:9
BRF:0
BRH:0
end_of_record
TN:
SF:utils\validators\ProductValidator.js
FN:13,(anonymous_0)
FN:43,(anonymous_1)
FN:62,(anonymous_2)
FN:62,(anonymous_3)
FN:71,(anonymous_4)
FN:71,(anonymous_5)
FN:103,(anonymous_6)
FNF:7
FNH:0
FNDA:0,(anonymous_0)
FNDA:0,(anonymous_1)
FNDA:0,(anonymous_2)
FNDA:0,(anonymous_3)
FNDA:0,(anonymous_4)
FNDA:0,(anonymous_5)
FNDA:0,(anonymous_6)
DA:1,4
DA:2,4
DA:3,4
DA:4,4
DA:5,4
DA:7,4
DA:14,0
DA:15,0
DA:44,0
DA:45,0
DA:47,0
DA:62,0
DA:63,0
DA:64,0
DA:71,0
DA:72,0
DA:73,0
DA:94,4
DA:99,4
DA:104,0
DA:105,0
DA:110,4
LF:22
LH:9
BRDA:44,0,0,0
BRDA:44,0,1,0
BRDA:63,1,0,0
BRDA:63,1,1,0
BRDA:72,2,0,0
BRDA:72,2,1,0
BRDA:72,3,0,0
BRDA:72,3,1,0
BRF:8
BRH:0
end_of_record
TN:
SF:utils\validators\subcategoryValidator.js
FN:7,(anonymous_0)
FN:21,(anonymous_1)
FNF:2
FNH:0
FNDA:0,(anonymous_0)
FNDA:0,(anonymous_1)
DA:1,4
DA:2,4
DA:3,4
DA:5,4
DA:8,0
DA:9,0
DA:16,4
DA:19,4
DA:22,0
DA:23,0
DA:27,4
LF:11
LH:7
BRF:0
BRH:0
end_of_record
