TN:
SF:server.js
FN:9,(anonymous_0)
FN:29,(anonymous_1)
FN:34,(anonymous_2)
FN:36,(anonymous_3)
FNF:4
FNH:2
FNDA:4,(anonymous_0)
FNDA:1,(anonymous_1)
FNDA:0,(anonymous_2)
FNDA:0,(anonymous_3)
DA:3,4
DA:4,4
DA:5,4
DA:6,4
DA:8,4
DA:9,4
DA:10,4
DA:11,4
DA:12,0
DA:14,4
DA:15,4
DA:16,4
DA:17,4
DA:18,4
DA:19,4
DA:20,4
DA:22,4
DA:23,4
DA:24,4
DA:25,4
DA:27,4
DA:29,4
DA:30,1
DA:34,4
DA:35,0
DA:36,0
DA:37,0
DA:41,4
DA:43,4
DA:44,4
LF:30
LH:26
BRDA:11,0,0,0
BRDA:11,0,1,4
BRF:2
BRH:1
end_of_record
TN:
SF:config\database.js
FN:4,(anonymous_0)
FN:6,(anonymous_1)
FNF:2
FNH:1
FNDA:4,(anonymous_0)
FNDA:0,(anonymous_1)
DA:1,4
DA:3,4
DA:4,4
DA:5,4
DA:7,0
DA:10,4
LF:6
LH:5
BRF:0
BRH:0
end_of_record
TN:
SF:middlewares\ErrorMiddleware.js
FN:1,(anonymous_0)
FNF:1
FNH:0
FNDA:0,(anonymous_0)
DA:1,4
DA:2,0
DA:3,0
DA:4,0
DA:5,0
DA:7,0
DA:11,4
LF:7
LH:2
BRDA:2,0,0,0
BRDA:2,0,1,0
BRDA:3,1,0,0
BRDA:3,1,1,0
BRDA:4,2,0,0
BRDA:4,2,1,0
BRF:6
BRH:0
end_of_record
TN:
SF:middlewares\ValidatorMiddleware.js
FN:3,(anonymous_0)
FNF:1
FNH:1
FNDA:20,(anonymous_0)
DA:1,4
DA:3,4
DA:4,20
DA:5,20
DA:6,3
DA:8,17
LF:6
LH:6
BRDA:5,0,0,3
BRDA:5,0,1,17
BRF:2
BRH:2
end_of_record
TN:
SF:models\Brand.js
FNF:0
FNH:0
DA:1,4
DA:3,4
DA:19,4
DA:21,4
LF:4
LH:4
BRF:0
BRH:0
end_of_record
TN:
SF:models\Category.js
FNF:0
FNH:0
DA:1,4
DA:3,4
DA:19,4
DA:21,4
LF:4
LH:4
BRF:0
BRH:0
end_of_record
TN:
SF:models\Product.js
FNF:0
FNH:0
DA:1,4
DA:3,4
DA:68,4
DA:70,4
LF:4
LH:4
BRF:0
BRH:0
end_of_record
TN:
SF:models\Subcategory.js
FNF:0
FNH:0
DA:1,4
DA:3,4
DA:24,4
LF:3
LH:3
BRF:0
BRH:0
end_of_record
TN:
SF:routes\brandRoutes.js
FNF:0
FNH:0
DA:1,4
DA:2,4
DA:3,4
DA:5,4
DA:6,4
DA:8,4
LF:6
LH:6
BRF:0
BRH:0
end_of_record
TN:
SF:routes\categoryRoutes.js
FNF:0
FNH:0
DA:1,4
DA:2,4
DA:3,4
DA:4,4
DA:6,4
DA:7,4
DA:8,4
DA:10,4
LF:8
LH:8
BRF:0
BRH:0
end_of_record
TN:
SF:routes\productRoute.js
FNF:0
FNH:0
DA:1,4
DA:2,4
DA:3,4
DA:5,4
DA:6,4
DA:8,4
LF:6
LH:6
BRF:0
BRH:0
end_of_record
TN:
SF:routes\subcategoryRoutes.js
FNF:0
FNH:0
DA:1,4
DA:3,4
DA:4,4
DA:5,4
DA:8,4
DA:9,4
DA:10,4
LF:7
LH:7
BRF:0
BRH:0
end_of_record
TN:
SF:services\BrandServices.js
FN:8,(anonymous_0)
FN:18,(anonymous_1)
FN:30,(anonymous_2)
FN:43,(anonymous_3)
FN:55,(anonymous_4)
FNF:5
FNH:5
FNDA:1,(anonymous_0)
FNDA:1,(anonymous_1)
FNDA:1,(anonymous_2)
FNDA:1,(anonymous_3)
FNDA:1,(anonymous_4)
DA:1,4
DA:2,4
DA:3,4
DA:4,4
DA:8,4
DA:9,1
DA:10,1
DA:11,1
DA:18,4
DA:19,1
DA:20,1
DA:21,1
DA:22,1
DA:23,1
DA:30,4
DA:31,1
DA:32,1
DA:33,1
DA:34,0
DA:35,1
DA:43,4
DA:44,1
DA:45,1
DA:46,1
DA:47,1
DA:48,0
DA:49,1
DA:55,4
DA:56,1
DA:57,1
DA:58,1
DA:59,0
DA:61,1
LF:33
LH:30
BRDA:19,0,0,1
BRDA:19,0,1,1
BRDA:20,1,0,1
BRDA:20,1,1,1
BRDA:33,2,0,0
BRDA:33,2,1,1
BRDA:47,3,0,0
BRDA:47,3,1,1
BRDA:58,4,0,0
BRDA:58,4,1,1
BRF:10
BRH:7
end_of_record
TN:
SF:services\CategoryServices.js
FN:8,(anonymous_0)
FN:18,(anonymous_1)
FN:30,(anonymous_2)
FN:43,(anonymous_3)
FN:55,(anonymous_4)
FNF:5
FNH:5
FNDA:4,(anonymous_0)
FNDA:1,(anonymous_1)
FNDA:1,(anonymous_2)
FNDA:1,(anonymous_3)
FNDA:1,(anonymous_4)
DA:1,4
DA:2,4
DA:3,4
DA:4,4
DA:8,4
DA:9,4
DA:10,4
DA:11,4
DA:18,4
DA:19,1
DA:20,1
DA:21,1
DA:22,1
DA:23,1
DA:30,4
DA:31,1
DA:32,1
DA:33,1
DA:34,0
DA:35,1
DA:43,4
DA:44,1
DA:45,1
DA:46,1
DA:47,1
DA:48,0
DA:49,1
DA:55,4
DA:56,1
DA:57,1
DA:58,1
DA:59,0
DA:61,1
LF:33
LH:30
BRDA:19,0,0,1
BRDA:19,0,1,1
BRDA:20,1,0,1
BRDA:20,1,1,1
BRDA:33,2,0,0
BRDA:33,2,1,1
BRDA:47,3,0,0
BRDA:47,3,1,1
BRDA:58,4,0,0
BRDA:58,4,1,1
BRF:10
BRH:7
end_of_record
TN:
SF:services\ProductServices.js
FN:8,(anonymous_0)
FN:18,(anonymous_1)
FN:30,(anonymous_2)
FN:43,(anonymous_3)
FN:56,(anonymous_4)
FNF:5
FNH:4
FNDA:1,(anonymous_0)
FNDA:1,(anonymous_1)
FNDA:1,(anonymous_2)
FNDA:0,(anonymous_3)
FNDA:1,(anonymous_4)
DA:1,4
DA:2,4
DA:3,4
DA:4,4
DA:8,4
DA:9,1
DA:10,1
DA:11,1
DA:18,4
DA:19,1
DA:20,1
DA:21,1
DA:22,1
DA:23,1
DA:30,4
DA:31,1
DA:32,1
DA:33,1
DA:34,0
DA:35,1
DA:43,4
DA:44,0
DA:45,0
DA:47,0
DA:48,0
DA:49,0
DA:50,0
DA:56,4
DA:57,1
DA:58,1
DA:59,1
DA:60,0
DA:62,1
LF:33
LH:25
BRDA:19,0,0,1
BRDA:19,0,1,1
BRDA:20,1,0,1
BRDA:20,1,1,1
BRDA:33,2,0,0
BRDA:33,2,1,1
BRDA:48,3,0,0
BRDA:48,3,1,0
BRDA:59,4,0,0
BRDA:59,4,1,1
BRF:10
BRH:6
end_of_record
TN:
SF:services\SubcategoryServices.js
FN:9,(anonymous_0)
FN:19,(anonymous_1)
FN:34,(anonymous_2)
FN:47,(anonymous_3)
FN:59,(anonymous_4)
FNF:5
FNH:5
FNDA:1,(anonymous_0)
FNDA:1,(anonymous_1)
FNDA:1,(anonymous_2)
FNDA:1,(anonymous_3)
FNDA:1,(anonymous_4)
DA:1,4
DA:2,4
DA:3,4
DA:4,4
DA:9,4
DA:10,1
DA:11,1
DA:12,1
DA:19,4
DA:20,1
DA:21,1
DA:22,1
DA:23,1
DA:24,1
DA:25,1
DA:27,1
DA:34,4
DA:35,1
DA:36,1
DA:37,1
DA:38,0
DA:39,1
DA:47,4
DA:48,1
DA:49,1
DA:50,1
DA:51,1
DA:52,0
DA:53,1
DA:59,4
DA:60,1
DA:61,1
DA:62,1
DA:63,0
DA:65,1
LF:35
LH:32
BRDA:20,0,0,1
BRDA:20,0,1,1
BRDA:21,1,0,1
BRDA:21,1,1,1
BRDA:24,2,0,0
BRDA:24,2,1,1
BRDA:37,3,0,0
BRDA:37,3,1,1
BRDA:51,4,0,0
BRDA:51,4,1,1
BRDA:62,5,0,0
BRDA:62,5,1,1
BRF:12
BRH:8
end_of_record
TN:
SF:utils\ApiError.js
FN:2,(anonymous_0)
FNF:1
FNH:1
FNDA:1,(anonymous_0)
DA:3,1
DA:4,1
DA:5,1
DA:6,1
DA:7,1
DA:11,4
LF:6
LH:6
BRDA:6,0,0,1
BRDA:6,0,1,0
BRF:2
BRH:1
end_of_record
TN:
SF:utils\validators\BrandValidator.js
FNF:0
FNH:0
DA:1,4
DA:2,4
DA:4,4
DA:8,4
DA:12,4
DA:17,4
LF:6
LH:6
BRF:0
BRH:0
end_of_record
TN:
SF:utils\validators\CategoryValidator.js
FNF:0
FNH:0
DA:1,4
DA:2,4
DA:4,4
DA:8,4
DA:12,4
DA:17,4
LF:6
LH:6
BRF:0
BRH:0
end_of_record
TN:
SF:utils\validators\ProductValidator.js
FN:11,(anonymous_0)
FN:41,(anonymous_1)
FN:66,(anonymous_2)
FN:68,(anonymous_3)
FN:75,(anonymous_4)
FN:77,(anonymous_5)
FN:79,(anonymous_6)
FN:83,(anonymous_7)
FN:83,(anonymous_8)
FN:119,(anonymous_9)
FNF:10
FNH:2
FNDA:1,(anonymous_0)
FNDA:1,(anonymous_1)
FNDA:0,(anonymous_2)
FNDA:0,(anonymous_3)
FNDA:0,(anonymous_4)
FNDA:0,(anonymous_5)
FNDA:0,(anonymous_6)
FNDA:0,(anonymous_7)
FNDA:0,(anonymous_8)
FNDA:0,(anonymous_9)
DA:1,4
DA:2,4
DA:3,4
DA:5,4
DA:12,1
DA:13,1
DA:42,1
DA:43,0
DA:45,1
DA:67,0
DA:69,0
DA:70,0
DA:76,0
DA:78,0
DA:79,0
DA:80,0
DA:83,0
DA:84,0
DA:85,0
DA:110,4
DA:115,4
DA:120,0
DA:121,0
DA:126,4
LF:24
LH:11
BRDA:42,0,0,0
BRDA:42,0,1,1
BRDA:69,1,0,0
BRDA:69,1,1,0
BRDA:69,2,0,0
BRDA:69,2,1,0
BRDA:84,3,0,0
BRDA:84,3,1,0
BRF:8
BRH:1
end_of_record
TN:
SF:utils\validators\subcategoryValidator.js
FNF:0
FNH:0
DA:1,4
DA:2,4
DA:4,4
DA:12,4
DA:15,4
DA:20,4
LF:6
LH:6
BRF:0
BRH:0
end_of_record
